Determining if the pthread_create exist failed with the following output:
Change Dir: /home/river/interbotix_ws/build/interbotix_moveit_interface/CMakeFiles/CMakeTmp

Run Build Command:"/usr/bin/make" "cmTC_def3c/fast"
/usr/bin/make -f CMakeFiles/cmTC_def3c.dir/build.make CMakeFiles/cmTC_def3c.dir/build
make[1]: Entering directory '/home/river/interbotix_ws/build/interbotix_moveit_interface/CMakeFiles/CMakeTmp'
Building C object CMakeFiles/cmTC_def3c.dir/CheckSymbolExists.c.o
/usr/bin/cc    -o CMakeFiles/cmTC_def3c.dir/CheckSymbolExists.c.o   -c /home/river/interbotix_ws/build/interbotix_moveit_interface/CMakeFiles/CMakeTmp/CheckSymbolExists.c
Linking C executable cmTC_def3c
/usr/bin/cmake -E cmake_link_script CMakeFiles/cmTC_def3c.dir/link.txt --verbose=1
/usr/bin/cc      -rdynamic CMakeFiles/cmTC_def3c.dir/CheckSymbolExists.c.o  -o cmTC_def3c 
CMakeFiles/cmTC_def3c.dir/CheckSymbolExists.c.o: In function `main':
CheckSymbolExists.c:(.text+0x1b): undefined reference to `pthread_create'
collect2: error: ld returned 1 exit status
CMakeFiles/cmTC_def3c.dir/build.make:97: recipe for target 'cmTC_def3c' failed
make[1]: *** [cmTC_def3c] Error 1
make[1]: Leaving directory '/home/river/interbotix_ws/build/interbotix_moveit_interface/CMakeFiles/CMakeTmp'
Makefile:126: recipe for target 'cmTC_def3c/fast' failed
make: *** [cmTC_def3c/fast] Error 2

File /home/river/interbotix_ws/build/interbotix_moveit_interface/CMakeFiles/CMakeTmp/CheckSymbolExists.c:
/* */
#include <pthread.h>

int main(int argc, char** argv)
{
  (void)argv;
#ifndef pthread_create
  return ((int*)(&pthread_create))[argc];
#else
  (void)argc;
  return 0;
#endif
}

Determining if the function pthread_create exists in the pthreads failed with the following output:
Change Dir: /home/river/interbotix_ws/build/interbotix_moveit_interface/CMakeFiles/CMakeTmp

Run Build Command:"/usr/bin/make" "cmTC_b0a57/fast"
/usr/bin/make -f CMakeFiles/cmTC_b0a57.dir/build.make CMakeFiles/cmTC_b0a57.dir/build
make[1]: Entering directory '/home/river/interbotix_ws/build/interbotix_moveit_interface/CMakeFiles/CMakeTmp'
Building C object CMakeFiles/cmTC_b0a57.dir/CheckFunctionExists.c.o
/usr/bin/cc   -DCHECK_FUNCTION_EXISTS=pthread_create   -o CMakeFiles/cmTC_b0a57.dir/CheckFunctionExists.c.o   -c /usr/share/cmake-3.10/Modules/CheckFunctionExists.c
Linking C executable cmTC_b0a57
/usr/bin/cmake -E cmake_link_script CMakeFiles/cmTC_b0a57.dir/link.txt --verbose=1
/usr/bin/cc  -DCHECK_FUNCTION_EXISTS=pthread_create    -rdynamic CMakeFiles/cmTC_b0a57.dir/CheckFunctionExists.c.o  -o cmTC_b0a57 -lpthreads 
/usr/bin/ld: cannot find -lpthreads
collect2: error: ld returned 1 exit status
CMakeFiles/cmTC_b0a57.dir/build.make:97: recipe for target 'cmTC_b0a57' failed
make[1]: *** [cmTC_b0a57] Error 1
make[1]: Leaving directory '/home/river/interbotix_ws/build/interbotix_moveit_interface/CMakeFiles/CMakeTmp'
Makefile:126: recipe for target 'cmTC_b0a57/fast' failed
make: *** [cmTC_b0a57/fast] Error 2


