Determining if the pthread_create exist failed with the following output:
Change Dir: /home/river/interbotix_ws/build/interbotix_xsarm_moveit_interface/CMakeFiles/CMakeTmp

Run Build Command:"/usr/bin/make" "cmTC_310af/fast"
/usr/bin/make -f CMakeFiles/cmTC_310af.dir/build.make CMakeFiles/cmTC_310af.dir/build
make[1]: Entering directory '/home/river/interbotix_ws/build/interbotix_xsarm_moveit_interface/CMakeFiles/CMakeTmp'
Building C object CMakeFiles/cmTC_310af.dir/CheckSymbolExists.c.o
/usr/bin/cc    -o CMakeFiles/cmTC_310af.dir/CheckSymbolExists.c.o   -c /home/river/interbotix_ws/build/interbotix_xsarm_moveit_interface/CMakeFiles/CMakeTmp/CheckSymbolExists.c
Linking C executable cmTC_310af
/usr/bin/cmake -E cmake_link_script CMakeFiles/cmTC_310af.dir/link.txt --verbose=1
/usr/bin/cc      -rdynamic CMakeFiles/cmTC_310af.dir/CheckSymbolExists.c.o  -o cmTC_310af 
CMakeFiles/cmTC_310af.dir/CheckSymbolExists.c.o: In function `main':
CheckSymbolExists.c:(.text+0x1b): undefined reference to `pthread_create'
collect2: error: ld returned 1 exit status
CMakeFiles/cmTC_310af.dir/build.make:97: recipe for target 'cmTC_310af' failed
make[1]: *** [cmTC_310af] Error 1
make[1]: Leaving directory '/home/river/interbotix_ws/build/interbotix_xsarm_moveit_interface/CMakeFiles/CMakeTmp'
Makefile:126: recipe for target 'cmTC_310af/fast' failed
make: *** [cmTC_310af/fast] Error 2

File /home/river/interbotix_ws/build/interbotix_xsarm_moveit_interface/CMakeFiles/CMakeTmp/CheckSymbolExists.c:
/* */
#include <pthread.h>

int main(int argc, char** argv)
{
  (void)argv;
#ifndef pthread_create
  return ((int*)(&pthread_create))[argc];
#else
  (void)argc;
  return 0;
#endif
}

Determining if the function pthread_create exists in the pthreads failed with the following output:
Change Dir: /home/river/interbotix_ws/build/interbotix_xsarm_moveit_interface/CMakeFiles/CMakeTmp

Run Build Command:"/usr/bin/make" "cmTC_e524e/fast"
/usr/bin/make -f CMakeFiles/cmTC_e524e.dir/build.make CMakeFiles/cmTC_e524e.dir/build
make[1]: Entering directory '/home/river/interbotix_ws/build/interbotix_xsarm_moveit_interface/CMakeFiles/CMakeTmp'
Building C object CMakeFiles/cmTC_e524e.dir/CheckFunctionExists.c.o
/usr/bin/cc   -DCHECK_FUNCTION_EXISTS=pthread_create   -o CMakeFiles/cmTC_e524e.dir/CheckFunctionExists.c.o   -c /usr/share/cmake-3.10/Modules/CheckFunctionExists.c
Linking C executable cmTC_e524e
/usr/bin/cmake -E cmake_link_script CMakeFiles/cmTC_e524e.dir/link.txt --verbose=1
/usr/bin/cc  -DCHECK_FUNCTION_EXISTS=pthread_create    -rdynamic CMakeFiles/cmTC_e524e.dir/CheckFunctionExists.c.o  -o cmTC_e524e -lpthreads 
/usr/bin/ld: cannot find -lpthreads
collect2: error: ld returned 1 exit status
CMakeFiles/cmTC_e524e.dir/build.make:97: recipe for target 'cmTC_e524e' failed
make[1]: *** [cmTC_e524e] Error 1
make[1]: Leaving directory '/home/river/interbotix_ws/build/interbotix_xsarm_moveit_interface/CMakeFiles/CMakeTmp'
Makefile:126: recipe for target 'cmTC_e524e/fast' failed
make: *** [cmTC_e524e/fast] Error 2


