[35m[1mScanning dependencies of target visualization_msgs_generate_messages_cpp[0m
[35m[1mScanning dependencies of target topic_tools_generate_messages_cpp[0m
[35m[1mScanning dependencies of target std_srvs_generate_messages_py[0m
[  0%] Built target visualization_msgs_generate_messages_cpp
[  0%] Built target topic_tools_generate_messages_cpp
[  0%] Built target std_srvs_generate_messages_py
[35m[1mScanning dependencies of target std_srvs_generate_messages_nodejs[0m
[35m[1mScanning dependencies of target std_srvs_generate_messages_lisp[0m
[  0%] Built target std_srvs_generate_messages_nodejs
[  0%] Built target std_srvs_generate_messages_lisp
[35m[1mScanning dependencies of target nav_msgs_generate_messages_nodejs[0m
[35m[1mScanning dependencies of target actionlib_msgs_generate_messages_py[0m
[  0%] Built target actionlib_msgs_generate_messages_py
[  0%] Built target nav_msgs_generate_messages_nodejs
[35m[1mScanning dependencies of target actionlib_msgs_generate_messages_lisp[0m
[35m[1mScanning dependencies of target rviz_generate_messages_eus[0m
[35m[1mScanning dependencies of target rviz_generate_messages_cpp[0m
[35m[1mScanning dependencies of target actionlib_generate_messages_cpp[0m
[  0%] Built target actionlib_msgs_generate_messages_lisp
[  0%] Built target rviz_generate_messages_eus
[  0%] Built target rviz_generate_messages_cpp
[  0%] Built target actionlib_generate_messages_cpp
[35m[1mScanning dependencies of target sensor_msgs_generate_messages_nodejs[0m
[35m[1mScanning dependencies of target roscpp_generate_messages_cpp[0m
[35m[1mScanning dependencies of target geometry_msgs_generate_messages_py[0m
[35m[1mScanning dependencies of target geometry_msgs_generate_messages_lisp[0m
[  0%] Built target roscpp_generate_messages_cpp
[  0%] Built target sensor_msgs_generate_messages_nodejs
[  0%] Built target geometry_msgs_generate_messages_py
[  0%] Built target geometry_msgs_generate_messages_lisp
[35m[1mScanning dependencies of target actionlib_generate_messages_lisp[0m
[35m[1mScanning dependencies of target geometry_msgs_generate_messages_cpp[0m
[  0%] Built target actionlib_generate_messages_lisp
[  0%] Built target geometry_msgs_generate_messages_cpp
[35m[1mScanning dependencies of target geometry_msgs_generate_messages_eus[0m
[35m[1mScanning dependencies of target trajectory_msgs_generate_messages_lisp[0m
[  0%] Built target geometry_msgs_generate_messages_eus
[  0%] Built target trajectory_msgs_generate_messages_lisp
[35m[1mScanning dependencies of target actionlib_generate_messages_eus[0m
[35m[1mScanning dependencies of target topic_tools_generate_messages_lisp[0m
[35m[1mScanning dependencies of target topic_tools_generate_messages_eus[0m
[  0%] Built target actionlib_generate_messages_eus
[  0%] Built target topic_tools_generate_messages_lisp
[  0%] Built target topic_tools_generate_messages_eus
[35m[1mScanning dependencies of target trajectory_msgs_generate_messages_eus[0m
[35m[1mScanning dependencies of target roscpp_generate_messages_py[0m
[35m[1mScanning dependencies of target std_srvs_generate_messages_cpp[0m
[  0%] Built target trajectory_msgs_generate_messages_eus
[  0%] Built target roscpp_generate_messages_py
[  0%] Built target std_srvs_generate_messages_cpp
[35m[1mScanning dependencies of target trajectory_msgs_generate_messages_nodejs[0m
[35m[1mScanning dependencies of target interbotix_xs_msgs_generate_messages_eus[0m
[35m[1mScanning dependencies of target tf2_msgs_generate_messages_nodejs[0m
[  0%] Built target trajectory_msgs_generate_messages_nodejs
[  0%] Built target interbotix_xs_msgs_generate_messages_eus
[35m[1mScanning dependencies of target rviz_generate_messages_lisp[0m
[  0%] Built target tf2_msgs_generate_messages_nodejs
[  0%] Built target rviz_generate_messages_lisp
[35m[1mScanning dependencies of target rviz_generate_messages_py[0m
[  0%] Built target rviz_generate_messages_py
[35m[1mScanning dependencies of target roscpp_generate_messages_nodejs[0m
[  0%] Built target roscpp_generate_messages_nodejs
[35m[1mScanning dependencies of target std_msgs_generate_messages_lisp[0m
[  0%] Built target std_msgs_generate_messages_lisp
[35m[1mScanning dependencies of target std_msgs_generate_messages_cpp[0m
[35m[1mScanning dependencies of target visualization_msgs_generate_messages_nodejs[0m
[35m[1mScanning dependencies of target map_msgs_generate_messages_lisp[0m
[  0%] Built target std_msgs_generate_messages_cpp
[  0%] Built target visualization_msgs_generate_messages_nodejs
[  0%] Built target map_msgs_generate_messages_lisp
[35m[1mScanning dependencies of target map_msgs_generate_messages_py[0m
[  0%] Built target map_msgs_generate_messages_py
[35m[1mScanning dependencies of target interbotix_xs_msgs_generate_messages_py[0m
[35m[1mScanning dependencies of target trajectory_msgs_generate_messages_py[0m
[  0%] Built target interbotix_xs_msgs_generate_messages_py
[  0%] Built target trajectory_msgs_generate_messages_py
[35m[1mScanning dependencies of target visualization_msgs_generate_messages_lisp[0m
[35m[1mScanning dependencies of target std_msgs_generate_messages_eus[0m
[  0%] Built target visualization_msgs_generate_messages_lisp
[  0%] Built target std_msgs_generate_messages_eus
[35m[1mScanning dependencies of target rviz_generate_messages_nodejs[0m
[35m[1mScanning dependencies of target std_srvs_generate_messages_eus[0m
[  0%] Built target rviz_generate_messages_nodejs
[35m[1mScanning dependencies of target roscpp_generate_messages_lisp[0m
[35m[1mScanning dependencies of target geometry_msgs_generate_messages_nodejs[0m
[  0%] Built target std_srvs_generate_messages_eus
[  0%] Built target roscpp_generate_messages_lisp
[  0%] Built target geometry_msgs_generate_messages_nodejs
[35m[1mScanning dependencies of target topic_tools_generate_messages_nodejs[0m
[  0%] Built target topic_tools_generate_messages_nodejs
[35m[1mScanning dependencies of target interbotix_xs_msgs_generate_messages_lisp[0m
[  0%] Built target interbotix_xs_msgs_generate_messages_lisp
[35m[1mScanning dependencies of target sensor_msgs_generate_messages_py[0m
[35m[1mScanning dependencies of target tf_generate_messages_py[0m
[  0%] Built target sensor_msgs_generate_messages_py
[35m[1mScanning dependencies of target interbotix_xs_msgs_generate_messages_nodejs[0m
[  0%] Built target tf_generate_messages_py
[35m[1mScanning dependencies of target std_msgs_generate_messages_nodejs[0m
[  0%] Built target interbotix_xs_msgs_generate_messages_nodejs
[35m[1mScanning dependencies of target std_msgs_generate_messages_py[0m
[  0%] Built target std_msgs_generate_messages_nodejs
[  0%] Built target std_msgs_generate_messages_py
[35m[1mScanning dependencies of target trajectory_msgs_generate_messages_cpp[0m
[  0%] Built target trajectory_msgs_generate_messages_cpp
[35m[1mScanning dependencies of target rosgraph_msgs_generate_messages_cpp[0m
[35m[1mScanning dependencies of target rosgraph_msgs_generate_messages_eus[0m
[  0%] Built target rosgraph_msgs_generate_messages_cpp
[  0%] Built target rosgraph_msgs_generate_messages_eus
[35m[1mScanning dependencies of target rosgraph_msgs_generate_messages_lisp[0m
[  0%] Built target rosgraph_msgs_generate_messages_lisp
[35m[1mScanning dependencies of target rosgraph_msgs_generate_messages_nodejs[0m
[  0%] Built target rosgraph_msgs_generate_messages_nodejs
[35m[1mScanning dependencies of target actionlib_msgs_generate_messages_eus[0m
[35m[1mScanning dependencies of target sensor_msgs_generate_messages_cpp[0m
[35m[1mScanning dependencies of target roscpp_generate_messages_eus[0m
[35m[1mScanning dependencies of target rosgraph_msgs_generate_messages_py[0m
[  0%] Built target actionlib_msgs_generate_messages_eus
[35m[1mScanning dependencies of target sensor_msgs_generate_messages_eus[0m
[  0%] Built target roscpp_generate_messages_eus
[  0%] Built target sensor_msgs_generate_messages_cpp
[  0%] Built target rosgraph_msgs_generate_messages_py
[  0%] Built target sensor_msgs_generate_messages_eus
[35m[1mScanning dependencies of target nav_msgs_generate_messages_eus[0m
[  0%] Built target nav_msgs_generate_messages_eus
[35m[1mScanning dependencies of target nav_msgs_generate_messages_lisp[0m
[35m[1mScanning dependencies of target tf2_msgs_generate_messages_cpp[0m
[35m[1mScanning dependencies of target nav_msgs_generate_messages_py[0m
[  0%] Built target nav_msgs_generate_messages_lisp
[  0%] Built target nav_msgs_generate_messages_py
[  0%] Built target tf2_msgs_generate_messages_cpp
[35m[1mScanning dependencies of target tf2_msgs_generate_messages_lisp[0m
[35m[1mScanning dependencies of target map_msgs_generate_messages_cpp[0m
[35m[1mScanning dependencies of target actionlib_generate_messages_py[0m
[  0%] Built target tf2_msgs_generate_messages_lisp
[  0%] Built target map_msgs_generate_messages_cpp
[  0%] Built target actionlib_generate_messages_py
[35m[1mScanning dependencies of target tf2_msgs_generate_messages_py[0m
[  0%] Built target tf2_msgs_generate_messages_py
[35m[1mScanning dependencies of target actionlib_generate_messages_nodejs[0m
[35m[1mScanning dependencies of target tf_generate_messages_cpp[0m
[  0%] Built target actionlib_generate_messages_nodejs
[  0%] Built target tf_generate_messages_cpp
[35m[1mScanning dependencies of target actionlib_msgs_generate_messages_cpp[0m
[  0%] Built target actionlib_msgs_generate_messages_cpp
[35m[1mScanning dependencies of target tf_generate_messages_eus[0m
[35m[1mScanning dependencies of target topic_tools_generate_messages_py[0m
[  0%] Built target tf_generate_messages_eus
[35m[1mScanning dependencies of target actionlib_msgs_generate_messages_nodejs[0m
[  0%] Built target topic_tools_generate_messages_py
[  0%] Built target actionlib_msgs_generate_messages_nodejs
[35m[1mScanning dependencies of target map_msgs_generate_messages_nodejs[0m
[35m[1mScanning dependencies of target interbotix_xs_msgs_generate_messages_cpp[0m
[  0%] Built target map_msgs_generate_messages_nodejs
[  0%] Built target interbotix_xs_msgs_generate_messages_cpp
[35m[1mScanning dependencies of target tf_generate_messages_lisp[0m
[  0%] Built target tf_generate_messages_lisp
[35m[1mScanning dependencies of target tf_generate_messages_nodejs[0m
[35m[1mScanning dependencies of target visualization_msgs_generate_messages_eus[0m
[  0%] Built target tf_generate_messages_nodejs
[  0%] Built target visualization_msgs_generate_messages_eus
[35m[1mScanning dependencies of target visualization_msgs_generate_messages_py[0m
[35m[1mScanning dependencies of target map_msgs_generate_messages_eus[0m
[35m[1mScanning dependencies of target sensor_msgs_generate_messages_lisp[0m
[  0%] Built target visualization_msgs_generate_messages_py
[  0%] Built target map_msgs_generate_messages_eus
[  0%] Built target sensor_msgs_generate_messages_lisp
[35m[1mScanning dependencies of target nav_msgs_generate_messages_cpp[0m
[  0%] Built target nav_msgs_generate_messages_cpp
[35m[1mScanning dependencies of target tf2_msgs_generate_messages_eus[0m
[35m[1mScanning dependencies of target interbotix_xsarm_puppet_xacro_generated_to_devel_space_[0m
[  0%] Built target tf2_msgs_generate_messages_eus
[  0%] Built target interbotix_xsarm_puppet_xacro_generated_to_devel_space_
[35m[1mScanning dependencies of target xsarm_puppet_single[0m
[ 25%] [32mBuilding CXX object CMakeFiles/xsarm_puppet_single.dir/src/xsarm_puppet_single.cpp.o[0m
[35m[1mScanning dependencies of target xsarm_puppet[0m
[ 50%] [32mBuilding CXX object CMakeFiles/xsarm_puppet.dir/src/xsarm_puppet.cpp.o[0m
[ 75%] [32m[1mLinking CXX executable /home/river/interbotix_ws/devel/.private/interbotix_xsarm_puppet/lib/interbotix_xsarm_puppet/xsarm_puppet_single[0m
[ 75%] Built target xsarm_puppet_single
[100%] [32m[1mLinking CXX executable /home/river/interbotix_ws/devel/.private/interbotix_xsarm_puppet/lib/interbotix_xsarm_puppet/xsarm_puppet[0m
[100%] Built target xsarm_puppet
