[35m[1mScanning dependencies of target _interbotix_xs_msgs_generate_messages_check_deps_RegisterValues[0m
[35m[1mScanning dependencies of target trajectory_msgs_generate_messages_cpp[0m
[35m[1mScanning dependencies of target std_msgs_generate_messages_cpp[0m
[35m[1mScanning dependencies of target _interbotix_xs_msgs_generate_messages_check_deps_JointGroupCommand[0m
[  0%] Built target std_msgs_generate_messages_cpp
[  0%] Built target trajectory_msgs_generate_messages_cpp
[35m[1mScanning dependencies of target _interbotix_xs_msgs_generate_messages_check_deps_TurretJoy[0m
[35m[1mScanning dependencies of target _interbotix_xs_msgs_generate_messages_check_deps_Reboot[0m
[  0%] Built target _interbotix_xs_msgs_generate_messages_check_deps_RegisterValues
[  0%] Built target _interbotix_xs_msgs_generate_messages_check_deps_JointGroupCommand
[35m[1mScanning dependencies of target geometry_msgs_generate_messages_cpp[0m
[35m[1mScanning dependencies of target _interbotix_xs_msgs_generate_messages_check_deps_JointTrajectoryCommand[0m
[  0%] Built target geometry_msgs_generate_messages_cpp
[  0%] Built target _interbotix_xs_msgs_generate_messages_check_deps_TurretJoy
[  0%] Built target _interbotix_xs_msgs_generate_messages_check_deps_Reboot
[35m[1mScanning dependencies of target _interbotix_xs_msgs_generate_messages_check_deps_OperatingModes[0m
[35m[1mScanning dependencies of target _interbotix_xs_msgs_generate_messages_check_deps_LocobotJoy[0m
[  0%] Built target _interbotix_xs_msgs_generate_messages_check_deps_JointTrajectoryCommand
[35m[1mScanning dependencies of target _interbotix_xs_msgs_generate_messages_check_deps_HexJoy[0m
[  0%] Built target _interbotix_xs_msgs_generate_messages_check_deps_OperatingModes
[  0%] Built target _interbotix_xs_msgs_generate_messages_check_deps_LocobotJoy
[35m[1mScanning dependencies of target _interbotix_xs_msgs_generate_messages_check_deps_JointTemps[0m
[35m[1mScanning dependencies of target _interbotix_xs_msgs_generate_messages_check_deps_MotorGains[0m
[  0%] Built target _interbotix_xs_msgs_generate_messages_check_deps_HexJoy
[35m[1mScanning dependencies of target _interbotix_xs_msgs_generate_messages_check_deps_JointSingleCommand[0m
[  0%] Built target _interbotix_xs_msgs_generate_messages_check_deps_JointTemps
[  0%] Built target _interbotix_xs_msgs_generate_messages_check_deps_MotorGains
[35m[1mScanning dependencies of target _interbotix_xs_msgs_generate_messages_check_deps_RobotInfo[0m
[35m[1mScanning dependencies of target _interbotix_xs_msgs_generate_messages_check_deps_ArmJoy[0m
[35m[1mScanning dependencies of target _interbotix_xs_msgs_generate_messages_check_deps_TorqueEnable[0m
[  0%] Built target _interbotix_xs_msgs_generate_messages_check_deps_JointSingleCommand
[  0%] Built target _interbotix_xs_msgs_generate_messages_check_deps_RobotInfo
[  0%] Built target _interbotix_xs_msgs_generate_messages_check_deps_TorqueEnable
[35m[1mScanning dependencies of target std_msgs_generate_messages_py[0m
[  0%] Built target _interbotix_xs_msgs_generate_messages_check_deps_ArmJoy
[  0%] Built target std_msgs_generate_messages_py
[35m[1mScanning dependencies of target trajectory_msgs_generate_messages_py[0m
[35m[1mScanning dependencies of target geometry_msgs_generate_messages_py[0m
[35m[1mScanning dependencies of target trajectory_msgs_generate_messages_nodejs[0m
[  0%] Built target trajectory_msgs_generate_messages_py
[35m[1mScanning dependencies of target std_msgs_generate_messages_nodejs[0m
[  0%] Built target geometry_msgs_generate_messages_py
[  0%] Built target trajectory_msgs_generate_messages_nodejs
[35m[1mScanning dependencies of target geometry_msgs_generate_messages_nodejs[0m
[  0%] Built target std_msgs_generate_messages_nodejs
[35m[1mScanning dependencies of target std_msgs_generate_messages_lisp[0m
[35m[1mScanning dependencies of target trajectory_msgs_generate_messages_lisp[0m
[  0%] Built target geometry_msgs_generate_messages_nodejs
[35m[1mScanning dependencies of target geometry_msgs_generate_messages_lisp[0m
[  0%] Built target std_msgs_generate_messages_lisp
[  0%] Built target trajectory_msgs_generate_messages_lisp
[  0%] Built target geometry_msgs_generate_messages_lisp
[35m[1mScanning dependencies of target std_msgs_generate_messages_eus[0m
[35m[1mScanning dependencies of target geometry_msgs_generate_messages_eus[0m
[  0%] Built target std_msgs_generate_messages_eus
[  0%] Built target geometry_msgs_generate_messages_eus
[35m[1mScanning dependencies of target trajectory_msgs_generate_messages_eus[0m
[  0%] Built target trajectory_msgs_generate_messages_eus
[35m[1mScanning dependencies of target interbotix_xs_msgs_generate_messages_cpp[0m
[35m[1mScanning dependencies of target interbotix_xs_msgs_generate_messages_py[0m
[  1%] [34m[1mGenerating C++ code from interbotix_xs_msgs/LocobotJoy.msg[0m
[35m[1mScanning dependencies of target interbotix_xs_msgs_generate_messages_nodejs[0m
[  2%] [34m[1mGenerating Python from MSG interbotix_xs_msgs/LocobotJoy[0m
[  4%] [34m[1mGenerating Javascript code from interbotix_xs_msgs/LocobotJoy.msg[0m
[35m[1mScanning dependencies of target interbotix_xs_msgs_generate_messages_lisp[0m
[  5%] [34m[1mGenerating Lisp code from interbotix_xs_msgs/LocobotJoy.msg[0m
[  6%] [34m[1mGenerating Javascript code from interbotix_xs_msgs/HexJoy.msg[0m
[  8%] [34m[1mGenerating Python from MSG interbotix_xs_msgs/HexJoy[0m
[  9%] [34m[1mGenerating Lisp code from interbotix_xs_msgs/HexJoy.msg[0m
[ 10%] [34m[1mGenerating Javascript code from interbotix_xs_msgs/JointTemps.msg[0m
[ 12%] [34m[1mGenerating Lisp code from interbotix_xs_msgs/JointTemps.msg[0m
[ 13%] [34m[1mGenerating Javascript code from interbotix_xs_msgs/TurretJoy.msg[0m
[ 15%] [34m[1mGenerating C++ code from interbotix_xs_msgs/HexJoy.msg[0m
[ 16%] [34m[1mGenerating C++ code from interbotix_xs_msgs/JointTemps.msg[0m
[ 17%] [34m[1mGenerating Lisp code from interbotix_xs_msgs/TurretJoy.msg[0m
[ 19%] [34m[1mGenerating Javascript code from interbotix_xs_msgs/JointTrajectoryCommand.msg[0m
[ 20%] [34m[1mGenerating Python from MSG interbotix_xs_msgs/JointTemps[0m
[ 21%] [34m[1mGenerating Lisp code from interbotix_xs_msgs/JointTrajectoryCommand.msg[0m
[ 23%] [34m[1mGenerating Javascript code from interbotix_xs_msgs/JointSingleCommand.msg[0m
[ 24%] [34m[1mGenerating Lisp code from interbotix_xs_msgs/JointSingleCommand.msg[0m
[ 26%] [34m[1mGenerating Javascript code from interbotix_xs_msgs/ArmJoy.msg[0m
[ 27%] [34m[1mGenerating Lisp code from interbotix_xs_msgs/ArmJoy.msg[0m
[ 28%] [34m[1mGenerating Javascript code from interbotix_xs_msgs/JointGroupCommand.msg[0m
[ 30%] [34m[1mGenerating Javascript code from interbotix_xs_msgs/RegisterValues.srv[0m
[35m[1mScanning dependencies of target interbotix_xs_msgs_generate_messages_eus[0m
[ 31%] [34m[1mGenerating Python from MSG interbotix_xs_msgs/TurretJoy[0m
[ 32%] [34m[1mGenerating C++ code from interbotix_xs_msgs/TurretJoy.msg[0m
[ 34%] [34m[1mGenerating Lisp code from interbotix_xs_msgs/JointGroupCommand.msg[0m
[ 35%] [34m[1mGenerating EusLisp code from interbotix_xs_msgs/LocobotJoy.msg[0m
[ 36%] [34m[1mGenerating EusLisp code from interbotix_xs_msgs/HexJoy.msg[0m
[ 38%] [34m[1mGenerating Javascript code from interbotix_xs_msgs/OperatingModes.srv[0m
[ 39%] [34m[1mGenerating Lisp code from interbotix_xs_msgs/RegisterValues.srv[0m
[ 41%] [34m[1mGenerating C++ code from interbotix_xs_msgs/JointTrajectoryCommand.msg[0m
[ 42%] [34m[1mGenerating Lisp code from interbotix_xs_msgs/OperatingModes.srv[0m
[ 43%] [34m[1mGenerating Javascript code from interbotix_xs_msgs/RobotInfo.srv[0m
[ 45%] [34m[1mGenerating EusLisp code from interbotix_xs_msgs/JointTemps.msg[0m
[ 46%] [34m[1mGenerating Python from MSG interbotix_xs_msgs/JointTrajectoryCommand[0m
[ 47%] [34m[1mGenerating Lisp code from interbotix_xs_msgs/RobotInfo.srv[0m
[ 49%] [34m[1mGenerating Javascript code from interbotix_xs_msgs/MotorGains.srv[0m
[ 50%] [34m[1mGenerating Lisp code from interbotix_xs_msgs/MotorGains.srv[0m
[ 52%] [34m[1mGenerating EusLisp code from interbotix_xs_msgs/TurretJoy.msg[0m
[ 53%] [34m[1mGenerating EusLisp code from interbotix_xs_msgs/JointTrajectoryCommand.msg[0m
[ 54%] [34m[1mGenerating Javascript code from interbotix_xs_msgs/TorqueEnable.srv[0m
[ 56%] [34m[1mGenerating Lisp code from interbotix_xs_msgs/TorqueEnable.srv[0m
[ 57%] [34m[1mGenerating Javascript code from interbotix_xs_msgs/Reboot.srv[0m
[ 58%] [34m[1mGenerating Lisp code from interbotix_xs_msgs/Reboot.srv[0m
[ 60%] [34m[1mGenerating C++ code from interbotix_xs_msgs/JointSingleCommand.msg[0m
[ 61%] [34m[1mGenerating Python from MSG interbotix_xs_msgs/JointSingleCommand[0m
[ 63%] [34m[1mGenerating C++ code from interbotix_xs_msgs/ArmJoy.msg[0m
[ 64%] [34m[1mGenerating EusLisp code from interbotix_xs_msgs/JointSingleCommand.msg[0m
[ 64%] Built target interbotix_xs_msgs_generate_messages_nodejs
[ 64%] Built target interbotix_xs_msgs_generate_messages_lisp
[ 65%] [34m[1mGenerating EusLisp code from interbotix_xs_msgs/ArmJoy.msg[0m
[ 67%] [34m[1mGenerating EusLisp code from interbotix_xs_msgs/JointGroupCommand.msg[0m
[ 68%] [34m[1mGenerating Python from MSG interbotix_xs_msgs/ArmJoy[0m
[ 69%] [34m[1mGenerating EusLisp code from interbotix_xs_msgs/RegisterValues.srv[0m
[ 71%] [34m[1mGenerating C++ code from interbotix_xs_msgs/JointGroupCommand.msg[0m
[ 72%] [34m[1mGenerating EusLisp code from interbotix_xs_msgs/OperatingModes.srv[0m
[ 73%] [34m[1mGenerating C++ code from interbotix_xs_msgs/RegisterValues.srv[0m
[ 75%] [34m[1mGenerating C++ code from interbotix_xs_msgs/OperatingModes.srv[0m
[ 76%] [34m[1mGenerating C++ code from interbotix_xs_msgs/RobotInfo.srv[0m
[ 78%] [34m[1mGenerating Python from MSG interbotix_xs_msgs/JointGroupCommand[0m
[ 79%] [34m[1mGenerating EusLisp code from interbotix_xs_msgs/RobotInfo.srv[0m
[ 80%] [34m[1mGenerating EusLisp code from interbotix_xs_msgs/MotorGains.srv[0m
[ 82%] [34m[1mGenerating C++ code from interbotix_xs_msgs/MotorGains.srv[0m
[ 83%] [34m[1mGenerating Python code from SRV interbotix_xs_msgs/RegisterValues[0m
[ 84%] [34m[1mGenerating EusLisp code from interbotix_xs_msgs/TorqueEnable.srv[0m
[ 86%] [34m[1mGenerating EusLisp code from interbotix_xs_msgs/Reboot.srv[0m
[ 87%] [34m[1mGenerating C++ code from interbotix_xs_msgs/TorqueEnable.srv[0m
[ 89%] [34m[1mGenerating C++ code from interbotix_xs_msgs/Reboot.srv[0m
[ 90%] [34m[1mGenerating Python code from SRV interbotix_xs_msgs/OperatingModes[0m
[ 91%] [34m[1mGenerating Python code from SRV interbotix_xs_msgs/RobotInfo[0m
[ 93%] [34m[1mGenerating EusLisp manifest code for interbotix_xs_msgs[0m
[ 94%] [34m[1mGenerating Python code from SRV interbotix_xs_msgs/MotorGains[0m
[ 95%] [34m[1mGenerating Python code from SRV interbotix_xs_msgs/TorqueEnable[0m
[ 97%] [34m[1mGenerating Python code from SRV interbotix_xs_msgs/Reboot[0m
[ 97%] Built target interbotix_xs_msgs_generate_messages_cpp
[ 98%] [34m[1mGenerating Python msg __init__.py for interbotix_xs_msgs[0m
[100%] [34m[1mGenerating Python srv __init__.py for interbotix_xs_msgs[0m
[100%] Built target interbotix_xs_msgs_generate_messages_py
[100%] Built target interbotix_xs_msgs_generate_messages_eus
[35m[1mScanning dependencies of target interbotix_xs_msgs_generate_messages[0m
[100%] Built target interbotix_xs_msgs_generate_messages
