Linked: (/home/river/interbotix_ws/devel/.private/interbotix_xs_msgs/include/interbotix_xs_msgs/Reboot.h, /home/river/interbotix_ws/devel/include/interbotix_xs_msgs/Reboot.h)
Linked: (/home/river/interbotix_ws/devel/.private/interbotix_xs_msgs/include/interbotix_xs_msgs/OperatingModesRequest.h, /home/river/interbotix_ws/devel/include/interbotix_xs_msgs/OperatingModesRequest.h)
Linked: (/home/river/interbotix_ws/devel/.private/interbotix_xs_msgs/include/interbotix_xs_msgs/RobotInfoRequest.h, /home/river/interbotix_ws/devel/include/interbotix_xs_msgs/RobotInfoRequest.h)
Linked: (/home/river/interbotix_ws/devel/.private/interbotix_xs_msgs/include/interbotix_xs_msgs/TorqueEnableRequest.h, /home/river/interbotix_ws/devel/include/interbotix_xs_msgs/TorqueEnableRequest.h)
Linked: (/home/river/interbotix_ws/devel/.private/interbotix_xs_msgs/include/interbotix_xs_msgs/TurretJoy.h, /home/river/interbotix_ws/devel/include/interbotix_xs_msgs/TurretJoy.h)
Linked: (/home/river/interbotix_ws/devel/.private/interbotix_xs_msgs/include/interbotix_xs_msgs/MotorGainsResponse.h, /home/river/interbotix_ws/devel/include/interbotix_xs_msgs/MotorGainsResponse.h)
Linked: (/home/river/interbotix_ws/devel/.private/interbotix_xs_msgs/include/interbotix_xs_msgs/JointGroupCommand.h, /home/river/interbotix_ws/devel/include/interbotix_xs_msgs/JointGroupCommand.h)
Linked: (/home/river/interbotix_ws/devel/.private/interbotix_xs_msgs/include/interbotix_xs_msgs/RegisterValuesRequest.h, /home/river/interbotix_ws/devel/include/interbotix_xs_msgs/RegisterValuesRequest.h)
Linked: (/home/river/interbotix_ws/devel/.private/interbotix_xs_msgs/include/interbotix_xs_msgs/HexJoy.h, /home/river/interbotix_ws/devel/include/interbotix_xs_msgs/HexJoy.h)
Linked: (/home/river/interbotix_ws/devel/.private/interbotix_xs_msgs/include/interbotix_xs_msgs/OperatingModesResponse.h, /home/river/interbotix_ws/devel/include/interbotix_xs_msgs/OperatingModesResponse.h)
Linked: (/home/river/interbotix_ws/devel/.private/interbotix_xs_msgs/include/interbotix_xs_msgs/TorqueEnableResponse.h, /home/river/interbotix_ws/devel/include/interbotix_xs_msgs/TorqueEnableResponse.h)
Linked: (/home/river/interbotix_ws/devel/.private/interbotix_xs_msgs/include/interbotix_xs_msgs/RegisterValues.h, /home/river/interbotix_ws/devel/include/interbotix_xs_msgs/RegisterValues.h)
Linked: (/home/river/interbotix_ws/devel/.private/interbotix_xs_msgs/include/interbotix_xs_msgs/MotorGainsRequest.h, /home/river/interbotix_ws/devel/include/interbotix_xs_msgs/MotorGainsRequest.h)
Linked: (/home/river/interbotix_ws/devel/.private/interbotix_xs_msgs/include/interbotix_xs_msgs/JointSingleCommand.h, /home/river/interbotix_ws/devel/include/interbotix_xs_msgs/JointSingleCommand.h)
Linked: (/home/river/interbotix_ws/devel/.private/interbotix_xs_msgs/include/interbotix_xs_msgs/RobotInfo.h, /home/river/interbotix_ws/devel/include/interbotix_xs_msgs/RobotInfo.h)
Linked: (/home/river/interbotix_ws/devel/.private/interbotix_xs_msgs/include/interbotix_xs_msgs/RobotInfoResponse.h, /home/river/interbotix_ws/devel/include/interbotix_xs_msgs/RobotInfoResponse.h)
Linked: (/home/river/interbotix_ws/devel/.private/interbotix_xs_msgs/include/interbotix_xs_msgs/LocobotJoy.h, /home/river/interbotix_ws/devel/include/interbotix_xs_msgs/LocobotJoy.h)
Linked: (/home/river/interbotix_ws/devel/.private/interbotix_xs_msgs/include/interbotix_xs_msgs/RegisterValuesResponse.h, /home/river/interbotix_ws/devel/include/interbotix_xs_msgs/RegisterValuesResponse.h)
Linked: (/home/river/interbotix_ws/devel/.private/interbotix_xs_msgs/include/interbotix_xs_msgs/MotorGains.h, /home/river/interbotix_ws/devel/include/interbotix_xs_msgs/MotorGains.h)
Linked: (/home/river/interbotix_ws/devel/.private/interbotix_xs_msgs/include/interbotix_xs_msgs/RebootResponse.h, /home/river/interbotix_ws/devel/include/interbotix_xs_msgs/RebootResponse.h)
Linked: (/home/river/interbotix_ws/devel/.private/interbotix_xs_msgs/include/interbotix_xs_msgs/JointTemps.h, /home/river/interbotix_ws/devel/include/interbotix_xs_msgs/JointTemps.h)
Linked: (/home/river/interbotix_ws/devel/.private/interbotix_xs_msgs/include/interbotix_xs_msgs/JointTrajectoryCommand.h, /home/river/interbotix_ws/devel/include/interbotix_xs_msgs/JointTrajectoryCommand.h)
Linked: (/home/river/interbotix_ws/devel/.private/interbotix_xs_msgs/include/interbotix_xs_msgs/OperatingModes.h, /home/river/interbotix_ws/devel/include/interbotix_xs_msgs/OperatingModes.h)
Linked: (/home/river/interbotix_ws/devel/.private/interbotix_xs_msgs/include/interbotix_xs_msgs/TorqueEnable.h, /home/river/interbotix_ws/devel/include/interbotix_xs_msgs/TorqueEnable.h)
Linked: (/home/river/interbotix_ws/devel/.private/interbotix_xs_msgs/include/interbotix_xs_msgs/ArmJoy.h, /home/river/interbotix_ws/devel/include/interbotix_xs_msgs/ArmJoy.h)
Linked: (/home/river/interbotix_ws/devel/.private/interbotix_xs_msgs/include/interbotix_xs_msgs/RebootRequest.h, /home/river/interbotix_ws/devel/include/interbotix_xs_msgs/RebootRequest.h)
Linked: (/home/river/interbotix_ws/devel/.private/interbotix_xs_msgs/share/common-lisp/ros/interbotix_xs_msgs/msg/_package.lisp, /home/river/interbotix_ws/devel/share/common-lisp/ros/interbotix_xs_msgs/msg/_package.lisp)
Linked: (/home/river/interbotix_ws/devel/.private/interbotix_xs_msgs/share/common-lisp/ros/interbotix_xs_msgs/msg/HexJoy.lisp, /home/river/interbotix_ws/devel/share/common-lisp/ros/interbotix_xs_msgs/msg/HexJoy.lisp)
Linked: (/home/river/interbotix_ws/devel/.private/interbotix_xs_msgs/share/common-lisp/ros/interbotix_xs_msgs/msg/_package_LocobotJoy.lisp, /home/river/interbotix_ws/devel/share/common-lisp/ros/interbotix_xs_msgs/msg/_package_LocobotJoy.lisp)
Linked: (/home/river/interbotix_ws/devel/.private/interbotix_xs_msgs/share/common-lisp/ros/interbotix_xs_msgs/msg/_package_HexJoy.lisp, /home/river/interbotix_ws/devel/share/common-lisp/ros/interbotix_xs_msgs/msg/_package_HexJoy.lisp)
Linked: (/home/river/interbotix_ws/devel/.private/interbotix_xs_msgs/share/common-lisp/ros/interbotix_xs_msgs/msg/JointTrajectoryCommand.lisp, /home/river/interbotix_ws/devel/share/common-lisp/ros/interbotix_xs_msgs/msg/JointTrajectoryCommand.lisp)
Linked: (/home/river/interbotix_ws/devel/.private/interbotix_xs_msgs/share/common-lisp/ros/interbotix_xs_msgs/msg/JointSingleCommand.lisp, /home/river/interbotix_ws/devel/share/common-lisp/ros/interbotix_xs_msgs/msg/JointSingleCommand.lisp)
Linked: (/home/river/interbotix_ws/devel/.private/interbotix_xs_msgs/share/common-lisp/ros/interbotix_xs_msgs/msg/JointTemps.lisp, /home/river/interbotix_ws/devel/share/common-lisp/ros/interbotix_xs_msgs/msg/JointTemps.lisp)
Linked: (/home/river/interbotix_ws/devel/.private/interbotix_xs_msgs/share/common-lisp/ros/interbotix_xs_msgs/msg/LocobotJoy.lisp, /home/river/interbotix_ws/devel/share/common-lisp/ros/interbotix_xs_msgs/msg/LocobotJoy.lisp)
Linked: (/home/river/interbotix_ws/devel/.private/interbotix_xs_msgs/share/common-lisp/ros/interbotix_xs_msgs/msg/_package_ArmJoy.lisp, /home/river/interbotix_ws/devel/share/common-lisp/ros/interbotix_xs_msgs/msg/_package_ArmJoy.lisp)
Linked: (/home/river/interbotix_ws/devel/.private/interbotix_xs_msgs/share/common-lisp/ros/interbotix_xs_msgs/msg/_package_JointTrajectoryCommand.lisp, /home/river/interbotix_ws/devel/share/common-lisp/ros/interbotix_xs_msgs/msg/_package_JointTrajectoryCommand.lisp)
Linked: (/home/river/interbotix_ws/devel/.private/interbotix_xs_msgs/share/common-lisp/ros/interbotix_xs_msgs/msg/_package_JointTemps.lisp, /home/river/interbotix_ws/devel/share/common-lisp/ros/interbotix_xs_msgs/msg/_package_JointTemps.lisp)
Linked: (/home/river/interbotix_ws/devel/.private/interbotix_xs_msgs/share/common-lisp/ros/interbotix_xs_msgs/msg/_package_JointSingleCommand.lisp, /home/river/interbotix_ws/devel/share/common-lisp/ros/interbotix_xs_msgs/msg/_package_JointSingleCommand.lisp)
Linked: (/home/river/interbotix_ws/devel/.private/interbotix_xs_msgs/share/common-lisp/ros/interbotix_xs_msgs/msg/ArmJoy.lisp, /home/river/interbotix_ws/devel/share/common-lisp/ros/interbotix_xs_msgs/msg/ArmJoy.lisp)
Linked: (/home/river/interbotix_ws/devel/.private/interbotix_xs_msgs/share/common-lisp/ros/interbotix_xs_msgs/msg/_package_JointGroupCommand.lisp, /home/river/interbotix_ws/devel/share/common-lisp/ros/interbotix_xs_msgs/msg/_package_JointGroupCommand.lisp)
Linked: (/home/river/interbotix_ws/devel/.private/interbotix_xs_msgs/share/common-lisp/ros/interbotix_xs_msgs/msg/JointGroupCommand.lisp, /home/river/interbotix_ws/devel/share/common-lisp/ros/interbotix_xs_msgs/msg/JointGroupCommand.lisp)
Linked: (/home/river/interbotix_ws/devel/.private/interbotix_xs_msgs/share/common-lisp/ros/interbotix_xs_msgs/msg/_package_TurretJoy.lisp, /home/river/interbotix_ws/devel/share/common-lisp/ros/interbotix_xs_msgs/msg/_package_TurretJoy.lisp)
Linked: (/home/river/interbotix_ws/devel/.private/interbotix_xs_msgs/share/common-lisp/ros/interbotix_xs_msgs/msg/TurretJoy.lisp, /home/river/interbotix_ws/devel/share/common-lisp/ros/interbotix_xs_msgs/msg/TurretJoy.lisp)
Linked: (/home/river/interbotix_ws/devel/.private/interbotix_xs_msgs/share/common-lisp/ros/interbotix_xs_msgs/msg/interbotix_xs_msgs-msg.asd, /home/river/interbotix_ws/devel/share/common-lisp/ros/interbotix_xs_msgs/msg/interbotix_xs_msgs-msg.asd)
Linked: (/home/river/interbotix_ws/devel/.private/interbotix_xs_msgs/share/common-lisp/ros/interbotix_xs_msgs/srv/_package_OperatingModes.lisp, /home/river/interbotix_ws/devel/share/common-lisp/ros/interbotix_xs_msgs/srv/_package_OperatingModes.lisp)
Linked: (/home/river/interbotix_ws/devel/.private/interbotix_xs_msgs/share/common-lisp/ros/interbotix_xs_msgs/srv/interbotix_xs_msgs-srv.asd, /home/river/interbotix_ws/devel/share/common-lisp/ros/interbotix_xs_msgs/srv/interbotix_xs_msgs-srv.asd)
Linked: (/home/river/interbotix_ws/devel/.private/interbotix_xs_msgs/share/common-lisp/ros/interbotix_xs_msgs/srv/_package.lisp, /home/river/interbotix_ws/devel/share/common-lisp/ros/interbotix_xs_msgs/srv/_package.lisp)
Linked: (/home/river/interbotix_ws/devel/.private/interbotix_xs_msgs/share/common-lisp/ros/interbotix_xs_msgs/srv/_package_MotorGains.lisp, /home/river/interbotix_ws/devel/share/common-lisp/ros/interbotix_xs_msgs/srv/_package_MotorGains.lisp)
Linked: (/home/river/interbotix_ws/devel/.private/interbotix_xs_msgs/share/common-lisp/ros/interbotix_xs_msgs/srv/_package_Reboot.lisp, /home/river/interbotix_ws/devel/share/common-lisp/ros/interbotix_xs_msgs/srv/_package_Reboot.lisp)
Linked: (/home/river/interbotix_ws/devel/.private/interbotix_xs_msgs/share/common-lisp/ros/interbotix_xs_msgs/srv/_package_RobotInfo.lisp, /home/river/interbotix_ws/devel/share/common-lisp/ros/interbotix_xs_msgs/srv/_package_RobotInfo.lisp)
Linked: (/home/river/interbotix_ws/devel/.private/interbotix_xs_msgs/share/common-lisp/ros/interbotix_xs_msgs/srv/MotorGains.lisp, /home/river/interbotix_ws/devel/share/common-lisp/ros/interbotix_xs_msgs/srv/MotorGains.lisp)
Linked: (/home/river/interbotix_ws/devel/.private/interbotix_xs_msgs/share/common-lisp/ros/interbotix_xs_msgs/srv/OperatingModes.lisp, /home/river/interbotix_ws/devel/share/common-lisp/ros/interbotix_xs_msgs/srv/OperatingModes.lisp)
Linked: (/home/river/interbotix_ws/devel/.private/interbotix_xs_msgs/share/common-lisp/ros/interbotix_xs_msgs/srv/TorqueEnable.lisp, /home/river/interbotix_ws/devel/share/common-lisp/ros/interbotix_xs_msgs/srv/TorqueEnable.lisp)
Linked: (/home/river/interbotix_ws/devel/.private/interbotix_xs_msgs/share/common-lisp/ros/interbotix_xs_msgs/srv/RegisterValues.lisp, /home/river/interbotix_ws/devel/share/common-lisp/ros/interbotix_xs_msgs/srv/RegisterValues.lisp)
Linked: (/home/river/interbotix_ws/devel/.private/interbotix_xs_msgs/share/common-lisp/ros/interbotix_xs_msgs/srv/_package_RegisterValues.lisp, /home/river/interbotix_ws/devel/share/common-lisp/ros/interbotix_xs_msgs/srv/_package_RegisterValues.lisp)
Linked: (/home/river/interbotix_ws/devel/.private/interbotix_xs_msgs/share/common-lisp/ros/interbotix_xs_msgs/srv/RobotInfo.lisp, /home/river/interbotix_ws/devel/share/common-lisp/ros/interbotix_xs_msgs/srv/RobotInfo.lisp)
Linked: (/home/river/interbotix_ws/devel/.private/interbotix_xs_msgs/share/common-lisp/ros/interbotix_xs_msgs/srv/Reboot.lisp, /home/river/interbotix_ws/devel/share/common-lisp/ros/interbotix_xs_msgs/srv/Reboot.lisp)
Linked: (/home/river/interbotix_ws/devel/.private/interbotix_xs_msgs/share/common-lisp/ros/interbotix_xs_msgs/srv/_package_TorqueEnable.lisp, /home/river/interbotix_ws/devel/share/common-lisp/ros/interbotix_xs_msgs/srv/_package_TorqueEnable.lisp)
Linked: (/home/river/interbotix_ws/devel/.private/interbotix_xs_msgs/share/gennodejs/ros/interbotix_xs_msgs/_index.js, /home/river/interbotix_ws/devel/share/gennodejs/ros/interbotix_xs_msgs/_index.js)
Linked: (/home/river/interbotix_ws/devel/.private/interbotix_xs_msgs/share/gennodejs/ros/interbotix_xs_msgs/msg/HexJoy.js, /home/river/interbotix_ws/devel/share/gennodejs/ros/interbotix_xs_msgs/msg/HexJoy.js)
Linked: (/home/river/interbotix_ws/devel/.private/interbotix_xs_msgs/share/gennodejs/ros/interbotix_xs_msgs/msg/JointGroupCommand.js, /home/river/interbotix_ws/devel/share/gennodejs/ros/interbotix_xs_msgs/msg/JointGroupCommand.js)
Linked: (/home/river/interbotix_ws/devel/.private/interbotix_xs_msgs/share/gennodejs/ros/interbotix_xs_msgs/msg/JointTrajectoryCommand.js, /home/river/interbotix_ws/devel/share/gennodejs/ros/interbotix_xs_msgs/msg/JointTrajectoryCommand.js)
Linked: (/home/river/interbotix_ws/devel/.private/interbotix_xs_msgs/share/gennodejs/ros/interbotix_xs_msgs/msg/ArmJoy.js, /home/river/interbotix_ws/devel/share/gennodejs/ros/interbotix_xs_msgs/msg/ArmJoy.js)
Linked: (/home/river/interbotix_ws/devel/.private/interbotix_xs_msgs/share/gennodejs/ros/interbotix_xs_msgs/msg/JointTemps.js, /home/river/interbotix_ws/devel/share/gennodejs/ros/interbotix_xs_msgs/msg/JointTemps.js)
Linked: (/home/river/interbotix_ws/devel/.private/interbotix_xs_msgs/share/gennodejs/ros/interbotix_xs_msgs/msg/TurretJoy.js, /home/river/interbotix_ws/devel/share/gennodejs/ros/interbotix_xs_msgs/msg/TurretJoy.js)
Linked: (/home/river/interbotix_ws/devel/.private/interbotix_xs_msgs/share/gennodejs/ros/interbotix_xs_msgs/msg/LocobotJoy.js, /home/river/interbotix_ws/devel/share/gennodejs/ros/interbotix_xs_msgs/msg/LocobotJoy.js)
Linked: (/home/river/interbotix_ws/devel/.private/interbotix_xs_msgs/share/gennodejs/ros/interbotix_xs_msgs/msg/_index.js, /home/river/interbotix_ws/devel/share/gennodejs/ros/interbotix_xs_msgs/msg/_index.js)
Linked: (/home/river/interbotix_ws/devel/.private/interbotix_xs_msgs/share/gennodejs/ros/interbotix_xs_msgs/msg/JointSingleCommand.js, /home/river/interbotix_ws/devel/share/gennodejs/ros/interbotix_xs_msgs/msg/JointSingleCommand.js)
Linked: (/home/river/interbotix_ws/devel/.private/interbotix_xs_msgs/share/gennodejs/ros/interbotix_xs_msgs/srv/RegisterValues.js, /home/river/interbotix_ws/devel/share/gennodejs/ros/interbotix_xs_msgs/srv/RegisterValues.js)
Linked: (/home/river/interbotix_ws/devel/.private/interbotix_xs_msgs/share/gennodejs/ros/interbotix_xs_msgs/srv/TorqueEnable.js, /home/river/interbotix_ws/devel/share/gennodejs/ros/interbotix_xs_msgs/srv/TorqueEnable.js)
Linked: (/home/river/interbotix_ws/devel/.private/interbotix_xs_msgs/share/gennodejs/ros/interbotix_xs_msgs/srv/RobotInfo.js, /home/river/interbotix_ws/devel/share/gennodejs/ros/interbotix_xs_msgs/srv/RobotInfo.js)
Linked: (/home/river/interbotix_ws/devel/.private/interbotix_xs_msgs/share/gennodejs/ros/interbotix_xs_msgs/srv/MotorGains.js, /home/river/interbotix_ws/devel/share/gennodejs/ros/interbotix_xs_msgs/srv/MotorGains.js)
Linked: (/home/river/interbotix_ws/devel/.private/interbotix_xs_msgs/share/gennodejs/ros/interbotix_xs_msgs/srv/_index.js, /home/river/interbotix_ws/devel/share/gennodejs/ros/interbotix_xs_msgs/srv/_index.js)
Linked: (/home/river/interbotix_ws/devel/.private/interbotix_xs_msgs/share/gennodejs/ros/interbotix_xs_msgs/srv/OperatingModes.js, /home/river/interbotix_ws/devel/share/gennodejs/ros/interbotix_xs_msgs/srv/OperatingModes.js)
Linked: (/home/river/interbotix_ws/devel/.private/interbotix_xs_msgs/share/gennodejs/ros/interbotix_xs_msgs/srv/Reboot.js, /home/river/interbotix_ws/devel/share/gennodejs/ros/interbotix_xs_msgs/srv/Reboot.js)
Linked: (/home/river/interbotix_ws/devel/.private/interbotix_xs_msgs/share/interbotix_xs_msgs/cmake/interbotix_xs_msgsConfig-version.cmake, /home/river/interbotix_ws/devel/share/interbotix_xs_msgs/cmake/interbotix_xs_msgsConfig-version.cmake)
Linked: (/home/river/interbotix_ws/devel/.private/interbotix_xs_msgs/share/interbotix_xs_msgs/cmake/interbotix_xs_msgsConfig.cmake, /home/river/interbotix_ws/devel/share/interbotix_xs_msgs/cmake/interbotix_xs_msgsConfig.cmake)
Linked: (/home/river/interbotix_ws/devel/.private/interbotix_xs_msgs/share/interbotix_xs_msgs/cmake/interbotix_xs_msgs-msg-paths.cmake, /home/river/interbotix_ws/devel/share/interbotix_xs_msgs/cmake/interbotix_xs_msgs-msg-paths.cmake)
Linked: (/home/river/interbotix_ws/devel/.private/interbotix_xs_msgs/share/interbotix_xs_msgs/cmake/interbotix_xs_msgs-msg-extras.cmake, /home/river/interbotix_ws/devel/share/interbotix_xs_msgs/cmake/interbotix_xs_msgs-msg-extras.cmake)
Linked: (/home/river/interbotix_ws/devel/.private/interbotix_xs_msgs/share/roseus/ros/interbotix_xs_msgs/manifest.l, /home/river/interbotix_ws/devel/share/roseus/ros/interbotix_xs_msgs/manifest.l)
Linked: (/home/river/interbotix_ws/devel/.private/interbotix_xs_msgs/share/roseus/ros/interbotix_xs_msgs/msg/JointTrajectoryCommand.l, /home/river/interbotix_ws/devel/share/roseus/ros/interbotix_xs_msgs/msg/JointTrajectoryCommand.l)
Linked: (/home/river/interbotix_ws/devel/.private/interbotix_xs_msgs/share/roseus/ros/interbotix_xs_msgs/msg/JointSingleCommand.l, /home/river/interbotix_ws/devel/share/roseus/ros/interbotix_xs_msgs/msg/JointSingleCommand.l)
Linked: (/home/river/interbotix_ws/devel/.private/interbotix_xs_msgs/share/roseus/ros/interbotix_xs_msgs/msg/JointGroupCommand.l, /home/river/interbotix_ws/devel/share/roseus/ros/interbotix_xs_msgs/msg/JointGroupCommand.l)
Linked: (/home/river/interbotix_ws/devel/.private/interbotix_xs_msgs/share/roseus/ros/interbotix_xs_msgs/msg/TurretJoy.l, /home/river/interbotix_ws/devel/share/roseus/ros/interbotix_xs_msgs/msg/TurretJoy.l)
Linked: (/home/river/interbotix_ws/devel/.private/interbotix_xs_msgs/share/roseus/ros/interbotix_xs_msgs/msg/ArmJoy.l, /home/river/interbotix_ws/devel/share/roseus/ros/interbotix_xs_msgs/msg/ArmJoy.l)
Linked: (/home/river/interbotix_ws/devel/.private/interbotix_xs_msgs/share/roseus/ros/interbotix_xs_msgs/msg/HexJoy.l, /home/river/interbotix_ws/devel/share/roseus/ros/interbotix_xs_msgs/msg/HexJoy.l)
Linked: (/home/river/interbotix_ws/devel/.private/interbotix_xs_msgs/share/roseus/ros/interbotix_xs_msgs/msg/LocobotJoy.l, /home/river/interbotix_ws/devel/share/roseus/ros/interbotix_xs_msgs/msg/LocobotJoy.l)
Linked: (/home/river/interbotix_ws/devel/.private/interbotix_xs_msgs/share/roseus/ros/interbotix_xs_msgs/msg/JointTemps.l, /home/river/interbotix_ws/devel/share/roseus/ros/interbotix_xs_msgs/msg/JointTemps.l)
Linked: (/home/river/interbotix_ws/devel/.private/interbotix_xs_msgs/share/roseus/ros/interbotix_xs_msgs/srv/OperatingModes.l, /home/river/interbotix_ws/devel/share/roseus/ros/interbotix_xs_msgs/srv/OperatingModes.l)
Linked: (/home/river/interbotix_ws/devel/.private/interbotix_xs_msgs/share/roseus/ros/interbotix_xs_msgs/srv/TorqueEnable.l, /home/river/interbotix_ws/devel/share/roseus/ros/interbotix_xs_msgs/srv/TorqueEnable.l)
Linked: (/home/river/interbotix_ws/devel/.private/interbotix_xs_msgs/share/roseus/ros/interbotix_xs_msgs/srv/Reboot.l, /home/river/interbotix_ws/devel/share/roseus/ros/interbotix_xs_msgs/srv/Reboot.l)
Linked: (/home/river/interbotix_ws/devel/.private/interbotix_xs_msgs/share/roseus/ros/interbotix_xs_msgs/srv/MotorGains.l, /home/river/interbotix_ws/devel/share/roseus/ros/interbotix_xs_msgs/srv/MotorGains.l)
Linked: (/home/river/interbotix_ws/devel/.private/interbotix_xs_msgs/share/roseus/ros/interbotix_xs_msgs/srv/RobotInfo.l, /home/river/interbotix_ws/devel/share/roseus/ros/interbotix_xs_msgs/srv/RobotInfo.l)
Linked: (/home/river/interbotix_ws/devel/.private/interbotix_xs_msgs/share/roseus/ros/interbotix_xs_msgs/srv/RegisterValues.l, /home/river/interbotix_ws/devel/share/roseus/ros/interbotix_xs_msgs/srv/RegisterValues.l)
Linked: (/home/river/interbotix_ws/devel/.private/interbotix_xs_msgs/lib/pkgconfig/interbotix_xs_msgs.pc, /home/river/interbotix_ws/devel/lib/pkgconfig/interbotix_xs_msgs.pc)
Linked: (/home/river/interbotix_ws/devel/.private/interbotix_xs_msgs/lib/python2.7/dist-packages/interbotix_xs_msgs/__init__.py, /home/river/interbotix_ws/devel/lib/python2.7/dist-packages/interbotix_xs_msgs/__init__.py)
Linked: (/home/river/interbotix_ws/devel/.private/interbotix_xs_msgs/lib/python2.7/dist-packages/interbotix_xs_msgs/msg/_JointTrajectoryCommand.py, /home/river/interbotix_ws/devel/lib/python2.7/dist-packages/interbotix_xs_msgs/msg/_JointTrajectoryCommand.py)
Linked: (/home/river/interbotix_ws/devel/.private/interbotix_xs_msgs/lib/python2.7/dist-packages/interbotix_xs_msgs/msg/_JointGroupCommand.py, /home/river/interbotix_ws/devel/lib/python2.7/dist-packages/interbotix_xs_msgs/msg/_JointGroupCommand.py)
Linked: (/home/river/interbotix_ws/devel/.private/interbotix_xs_msgs/lib/python2.7/dist-packages/interbotix_xs_msgs/msg/_JointSingleCommand.py, /home/river/interbotix_ws/devel/lib/python2.7/dist-packages/interbotix_xs_msgs/msg/_JointSingleCommand.py)
Linked: (/home/river/interbotix_ws/devel/.private/interbotix_xs_msgs/lib/python2.7/dist-packages/interbotix_xs_msgs/msg/_TurretJoy.py, /home/river/interbotix_ws/devel/lib/python2.7/dist-packages/interbotix_xs_msgs/msg/_TurretJoy.py)
Linked: (/home/river/interbotix_ws/devel/.private/interbotix_xs_msgs/lib/python2.7/dist-packages/interbotix_xs_msgs/msg/__init__.py, /home/river/interbotix_ws/devel/lib/python2.7/dist-packages/interbotix_xs_msgs/msg/__init__.py)
Linked: (/home/river/interbotix_ws/devel/.private/interbotix_xs_msgs/lib/python2.7/dist-packages/interbotix_xs_msgs/msg/_JointTemps.py, /home/river/interbotix_ws/devel/lib/python2.7/dist-packages/interbotix_xs_msgs/msg/_JointTemps.py)
Linked: (/home/river/interbotix_ws/devel/.private/interbotix_xs_msgs/lib/python2.7/dist-packages/interbotix_xs_msgs/msg/_LocobotJoy.py, /home/river/interbotix_ws/devel/lib/python2.7/dist-packages/interbotix_xs_msgs/msg/_LocobotJoy.py)
Linked: (/home/river/interbotix_ws/devel/.private/interbotix_xs_msgs/lib/python2.7/dist-packages/interbotix_xs_msgs/msg/_HexJoy.py, /home/river/interbotix_ws/devel/lib/python2.7/dist-packages/interbotix_xs_msgs/msg/_HexJoy.py)
Linked: (/home/river/interbotix_ws/devel/.private/interbotix_xs_msgs/lib/python2.7/dist-packages/interbotix_xs_msgs/msg/_ArmJoy.py, /home/river/interbotix_ws/devel/lib/python2.7/dist-packages/interbotix_xs_msgs/msg/_ArmJoy.py)
Linked: (/home/river/interbotix_ws/devel/.private/interbotix_xs_msgs/lib/python2.7/dist-packages/interbotix_xs_msgs/srv/_Reboot.py, /home/river/interbotix_ws/devel/lib/python2.7/dist-packages/interbotix_xs_msgs/srv/_Reboot.py)
Linked: (/home/river/interbotix_ws/devel/.private/interbotix_xs_msgs/lib/python2.7/dist-packages/interbotix_xs_msgs/srv/_RegisterValues.py, /home/river/interbotix_ws/devel/lib/python2.7/dist-packages/interbotix_xs_msgs/srv/_RegisterValues.py)
Linked: (/home/river/interbotix_ws/devel/.private/interbotix_xs_msgs/lib/python2.7/dist-packages/interbotix_xs_msgs/srv/__init__.py, /home/river/interbotix_ws/devel/lib/python2.7/dist-packages/interbotix_xs_msgs/srv/__init__.py)
Linked: (/home/river/interbotix_ws/devel/.private/interbotix_xs_msgs/lib/python2.7/dist-packages/interbotix_xs_msgs/srv/_OperatingModes.py, /home/river/interbotix_ws/devel/lib/python2.7/dist-packages/interbotix_xs_msgs/srv/_OperatingModes.py)
Linked: (/home/river/interbotix_ws/devel/.private/interbotix_xs_msgs/lib/python2.7/dist-packages/interbotix_xs_msgs/srv/_TorqueEnable.py, /home/river/interbotix_ws/devel/lib/python2.7/dist-packages/interbotix_xs_msgs/srv/_TorqueEnable.py)
Linked: (/home/river/interbotix_ws/devel/.private/interbotix_xs_msgs/lib/python2.7/dist-packages/interbotix_xs_msgs/srv/_RobotInfo.py, /home/river/interbotix_ws/devel/lib/python2.7/dist-packages/interbotix_xs_msgs/srv/_RobotInfo.py)
Linked: (/home/river/interbotix_ws/devel/.private/interbotix_xs_msgs/lib/python2.7/dist-packages/interbotix_xs_msgs/srv/_MotorGains.py, /home/river/interbotix_ws/devel/lib/python2.7/dist-packages/interbotix_xs_msgs/srv/_MotorGains.py)
