[  0%] Built target trajectory_msgs_generate_messages_cpp
[  0%] Built target std_msgs_generate_messages_cpp
[  0%] Built target _interbotix_xs_msgs_generate_messages_check_deps_JointGroupCommand
[  0%] Built target _interbotix_xs_msgs_generate_messages_check_deps_RegisterValues
[  0%] Built target geometry_msgs_generate_messages_cpp
[  0%] Built target _interbotix_xs_msgs_generate_messages_check_deps_TurretJoy
[  0%] Built target _interbotix_xs_msgs_generate_messages_check_deps_Reboot
[  0%] Built target _interbotix_xs_msgs_generate_messages_check_deps_JointTrajectoryCommand
[  0%] Built target _interbotix_xs_msgs_generate_messages_check_deps_OperatingModes
[  0%] Built target _interbotix_xs_msgs_generate_messages_check_deps_LocobotJoy
[  0%] Built target _interbotix_xs_msgs_generate_messages_check_deps_HexJoy
[  0%] Built target _interbotix_xs_msgs_generate_messages_check_deps_JointTemps
[  0%] Built target _interbotix_xs_msgs_generate_messages_check_deps_JointSingleCommand
[  0%] Built target _interbotix_xs_msgs_generate_messages_check_deps_MotorGains
[  0%] Built target std_msgs_generate_messages_py
[  0%] Built target trajectory_msgs_generate_messages_py
[  0%] Built target _interbotix_xs_msgs_generate_messages_check_deps_RobotInfo
[  0%] Built target _interbotix_xs_msgs_generate_messages_check_deps_ArmJoy
[  0%] Built target geometry_msgs_generate_messages_py
[  0%] Built target _interbotix_xs_msgs_generate_messages_check_deps_TorqueEnable
[  0%] Built target trajectory_msgs_generate_messages_nodejs
[  0%] Built target geometry_msgs_generate_messages_nodejs
[  0%] Built target std_msgs_generate_messages_nodejs
[  0%] Built target std_msgs_generate_messages_lisp
[  0%] Built target trajectory_msgs_generate_messages_lisp
[  0%] Built target std_msgs_generate_messages_eus
[  0%] Built target geometry_msgs_generate_messages_lisp
[  0%] Built target geometry_msgs_generate_messages_eus
[  0%] Built target trajectory_msgs_generate_messages_eus
[ 28%] Built target interbotix_xs_msgs_generate_messages_cpp
[ 41%] Built target interbotix_xs_msgs_generate_messages_py
[ 60%] Built target interbotix_xs_msgs_generate_messages_nodejs
[ 79%] Built target interbotix_xs_msgs_generate_messages_lisp
[100%] Built target interbotix_xs_msgs_generate_messages_eus
[100%] Built target interbotix_xs_msgs_generate_messages
