Determining if the pthread_create exist failed with the following output:
Change Dir: /home/river/interbotix_ws/build/interbotix_xsarm_joy/CMakeFiles/CMakeTmp

Run Build Command:"/usr/bin/make" "cmTC_b763d/fast"
/usr/bin/make -f CMakeFiles/cmTC_b763d.dir/build.make CMakeFiles/cmTC_b763d.dir/build
make[1]: Entering directory '/home/river/interbotix_ws/build/interbotix_xsarm_joy/CMakeFiles/CMakeTmp'
Building C object CMakeFiles/cmTC_b763d.dir/CheckSymbolExists.c.o
/usr/bin/cc    -o CMakeFiles/cmTC_b763d.dir/CheckSymbolExists.c.o   -c /home/river/interbotix_ws/build/interbotix_xsarm_joy/CMakeFiles/CMakeTmp/CheckSymbolExists.c
Linking C executable cmTC_b763d
/usr/bin/cmake -E cmake_link_script CMakeFiles/cmTC_b763d.dir/link.txt --verbose=1
/usr/bin/cc      -rdynamic CMakeFiles/cmTC_b763d.dir/CheckSymbolExists.c.o  -o cmTC_b763d 
CMakeFiles/cmTC_b763d.dir/CheckSymbolExists.c.o: In function `main':
CheckSymbolExists.c:(.text+0x1b): undefined reference to `pthread_create'
collect2: error: ld returned 1 exit status
CMakeFiles/cmTC_b763d.dir/build.make:97: recipe for target 'cmTC_b763d' failed
make[1]: *** [cmTC_b763d] Error 1
make[1]: Leaving directory '/home/river/interbotix_ws/build/interbotix_xsarm_joy/CMakeFiles/CMakeTmp'
Makefile:126: recipe for target 'cmTC_b763d/fast' failed
make: *** [cmTC_b763d/fast] Error 2

File /home/river/interbotix_ws/build/interbotix_xsarm_joy/CMakeFiles/CMakeTmp/CheckSymbolExists.c:
/* */
#include <pthread.h>

int main(int argc, char** argv)
{
  (void)argv;
#ifndef pthread_create
  return ((int*)(&pthread_create))[argc];
#else
  (void)argc;
  return 0;
#endif
}

Determining if the function pthread_create exists in the pthreads failed with the following output:
Change Dir: /home/river/interbotix_ws/build/interbotix_xsarm_joy/CMakeFiles/CMakeTmp

Run Build Command:"/usr/bin/make" "cmTC_a73b3/fast"
/usr/bin/make -f CMakeFiles/cmTC_a73b3.dir/build.make CMakeFiles/cmTC_a73b3.dir/build
make[1]: Entering directory '/home/river/interbotix_ws/build/interbotix_xsarm_joy/CMakeFiles/CMakeTmp'
Building C object CMakeFiles/cmTC_a73b3.dir/CheckFunctionExists.c.o
/usr/bin/cc   -DCHECK_FUNCTION_EXISTS=pthread_create   -o CMakeFiles/cmTC_a73b3.dir/CheckFunctionExists.c.o   -c /usr/share/cmake-3.10/Modules/CheckFunctionExists.c
Linking C executable cmTC_a73b3
/usr/bin/cmake -E cmake_link_script CMakeFiles/cmTC_a73b3.dir/link.txt --verbose=1
/usr/bin/cc  -DCHECK_FUNCTION_EXISTS=pthread_create    -rdynamic CMakeFiles/cmTC_a73b3.dir/CheckFunctionExists.c.o  -o cmTC_a73b3 -lpthreads 
/usr/bin/ld: cannot find -lpthreads
collect2: error: ld returned 1 exit status
CMakeFiles/cmTC_a73b3.dir/build.make:97: recipe for target 'cmTC_a73b3' failed
make[1]: *** [cmTC_a73b3] Error 1
make[1]: Leaving directory '/home/river/interbotix_ws/build/interbotix_xsarm_joy/CMakeFiles/CMakeTmp'
Makefile:126: recipe for target 'cmTC_a73b3/fast' failed
make: *** [cmTC_a73b3/fast] Error 2


