Determining if the pthread_create exist failed with the following output:
Change Dir: /home/river/interbotix_ws/build/interbotix_xsarm_puppet/CMakeFiles/CMakeTmp

Run Build Command:"/usr/bin/make" "cmTC_3ebd6/fast"
/usr/bin/make -f CMakeFiles/cmTC_3ebd6.dir/build.make CMakeFiles/cmTC_3ebd6.dir/build
make[1]: Entering directory '/home/river/interbotix_ws/build/interbotix_xsarm_puppet/CMakeFiles/CMakeTmp'
Building C object CMakeFiles/cmTC_3ebd6.dir/CheckSymbolExists.c.o
/usr/bin/cc    -o CMakeFiles/cmTC_3ebd6.dir/CheckSymbolExists.c.o   -c /home/river/interbotix_ws/build/interbotix_xsarm_puppet/CMakeFiles/CMakeTmp/CheckSymbolExists.c
Linking C executable cmTC_3ebd6
/usr/bin/cmake -E cmake_link_script CMakeFiles/cmTC_3ebd6.dir/link.txt --verbose=1
/usr/bin/cc      -rdynamic CMakeFiles/cmTC_3ebd6.dir/CheckSymbolExists.c.o  -o cmTC_3ebd6 
CMakeFiles/cmTC_3ebd6.dir/CheckSymbolExists.c.o: In function `main':
CheckSymbolExists.c:(.text+0x1b): undefined reference to `pthread_create'
collect2: error: ld returned 1 exit status
CMakeFiles/cmTC_3ebd6.dir/build.make:97: recipe for target 'cmTC_3ebd6' failed
make[1]: *** [cmTC_3ebd6] Error 1
make[1]: Leaving directory '/home/river/interbotix_ws/build/interbotix_xsarm_puppet/CMakeFiles/CMakeTmp'
Makefile:126: recipe for target 'cmTC_3ebd6/fast' failed
make: *** [cmTC_3ebd6/fast] Error 2

File /home/river/interbotix_ws/build/interbotix_xsarm_puppet/CMakeFiles/CMakeTmp/CheckSymbolExists.c:
/* */
#include <pthread.h>

int main(int argc, char** argv)
{
  (void)argv;
#ifndef pthread_create
  return ((int*)(&pthread_create))[argc];
#else
  (void)argc;
  return 0;
#endif
}

Determining if the function pthread_create exists in the pthreads failed with the following output:
Change Dir: /home/river/interbotix_ws/build/interbotix_xsarm_puppet/CMakeFiles/CMakeTmp

Run Build Command:"/usr/bin/make" "cmTC_64cec/fast"
/usr/bin/make -f CMakeFiles/cmTC_64cec.dir/build.make CMakeFiles/cmTC_64cec.dir/build
make[1]: Entering directory '/home/river/interbotix_ws/build/interbotix_xsarm_puppet/CMakeFiles/CMakeTmp'
Building C object CMakeFiles/cmTC_64cec.dir/CheckFunctionExists.c.o
/usr/bin/cc   -DCHECK_FUNCTION_EXISTS=pthread_create   -o CMakeFiles/cmTC_64cec.dir/CheckFunctionExists.c.o   -c /usr/share/cmake-3.10/Modules/CheckFunctionExists.c
Linking C executable cmTC_64cec
/usr/bin/cmake -E cmake_link_script CMakeFiles/cmTC_64cec.dir/link.txt --verbose=1
/usr/bin/cc  -DCHECK_FUNCTION_EXISTS=pthread_create    -rdynamic CMakeFiles/cmTC_64cec.dir/CheckFunctionExists.c.o  -o cmTC_64cec -lpthreads 
/usr/bin/ld: cannot find -lpthreads
collect2: error: ld returned 1 exit status
CMakeFiles/cmTC_64cec.dir/build.make:97: recipe for target 'cmTC_64cec' failed
make[1]: *** [cmTC_64cec] Error 1
make[1]: Leaving directory '/home/river/interbotix_ws/build/interbotix_xsarm_puppet/CMakeFiles/CMakeTmp'
Makefile:126: recipe for target 'cmTC_64cec/fast' failed
make: *** [cmTC_64cec/fast] Error 2


