Determining if the pthread_create exist failed with the following output:
Change Dir: /home/river/interbotix_ws/build/interbotix_xs_msgs/CMakeFiles/CMakeTmp

Run Build Command:"/usr/bin/make" "cmTC_fb034/fast"
/usr/bin/make -f CMakeFiles/cmTC_fb034.dir/build.make CMakeFiles/cmTC_fb034.dir/build
make[1]: Entering directory '/home/river/interbotix_ws/build/interbotix_xs_msgs/CMakeFiles/CMakeTmp'
Building C object CMakeFiles/cmTC_fb034.dir/CheckSymbolExists.c.o
/usr/bin/cc    -o CMakeFiles/cmTC_fb034.dir/CheckSymbolExists.c.o   -c /home/river/interbotix_ws/build/interbotix_xs_msgs/CMakeFiles/CMakeTmp/CheckSymbolExists.c
Linking C executable cmTC_fb034
/usr/bin/cmake -E cmake_link_script CMakeFiles/cmTC_fb034.dir/link.txt --verbose=1
/usr/bin/cc      -rdynamic CMakeFiles/cmTC_fb034.dir/CheckSymbolExists.c.o  -o cmTC_fb034 
CMakeFiles/cmTC_fb034.dir/CheckSymbolExists.c.o: In function `main':
CheckSymbolExists.c:(.text+0x1b): undefined reference to `pthread_create'
collect2: error: ld returned 1 exit status
CMakeFiles/cmTC_fb034.dir/build.make:97: recipe for target 'cmTC_fb034' failed
make[1]: *** [cmTC_fb034] Error 1
make[1]: Leaving directory '/home/river/interbotix_ws/build/interbotix_xs_msgs/CMakeFiles/CMakeTmp'
Makefile:126: recipe for target 'cmTC_fb034/fast' failed
make: *** [cmTC_fb034/fast] Error 2

File /home/river/interbotix_ws/build/interbotix_xs_msgs/CMakeFiles/CMakeTmp/CheckSymbolExists.c:
/* */
#include <pthread.h>

int main(int argc, char** argv)
{
  (void)argv;
#ifndef pthread_create
  return ((int*)(&pthread_create))[argc];
#else
  (void)argc;
  return 0;
#endif
}

Determining if the function pthread_create exists in the pthreads failed with the following output:
Change Dir: /home/river/interbotix_ws/build/interbotix_xs_msgs/CMakeFiles/CMakeTmp

Run Build Command:"/usr/bin/make" "cmTC_79d6e/fast"
/usr/bin/make -f CMakeFiles/cmTC_79d6e.dir/build.make CMakeFiles/cmTC_79d6e.dir/build
make[1]: Entering directory '/home/river/interbotix_ws/build/interbotix_xs_msgs/CMakeFiles/CMakeTmp'
Building C object CMakeFiles/cmTC_79d6e.dir/CheckFunctionExists.c.o
/usr/bin/cc   -DCHECK_FUNCTION_EXISTS=pthread_create   -o CMakeFiles/cmTC_79d6e.dir/CheckFunctionExists.c.o   -c /usr/share/cmake-3.10/Modules/CheckFunctionExists.c
Linking C executable cmTC_79d6e
/usr/bin/cmake -E cmake_link_script CMakeFiles/cmTC_79d6e.dir/link.txt --verbose=1
/usr/bin/cc  -DCHECK_FUNCTION_EXISTS=pthread_create    -rdynamic CMakeFiles/cmTC_79d6e.dir/CheckFunctionExists.c.o  -o cmTC_79d6e -lpthreads 
/usr/bin/ld: cannot find -lpthreads
collect2: error: ld returned 1 exit status
CMakeFiles/cmTC_79d6e.dir/build.make:97: recipe for target 'cmTC_79d6e' failed
make[1]: *** [cmTC_79d6e] Error 1
make[1]: Leaving directory '/home/river/interbotix_ws/build/interbotix_xs_msgs/CMakeFiles/CMakeTmp'
Makefile:126: recipe for target 'cmTC_79d6e/fast' failed
make: *** [cmTC_79d6e/fast] Error 2


