Determining if the pthread_create exist failed with the following output:
Change Dir: /home/river/interbotix_ws/build/interbotix_xsarm_pid/CMakeFiles/CMakeTmp

Run Build Command:"/usr/bin/make" "cmTC_258aa/fast"
/usr/bin/make -f CMakeFiles/cmTC_258aa.dir/build.make CMakeFiles/cmTC_258aa.dir/build
make[1]: Entering directory '/home/river/interbotix_ws/build/interbotix_xsarm_pid/CMakeFiles/CMakeTmp'
Building C object CMakeFiles/cmTC_258aa.dir/CheckSymbolExists.c.o
/usr/bin/cc    -o CMakeFiles/cmTC_258aa.dir/CheckSymbolExists.c.o   -c /home/river/interbotix_ws/build/interbotix_xsarm_pid/CMakeFiles/CMakeTmp/CheckSymbolExists.c
Linking C executable cmTC_258aa
/usr/bin/cmake -E cmake_link_script CMakeFiles/cmTC_258aa.dir/link.txt --verbose=1
/usr/bin/cc      -rdynamic CMakeFiles/cmTC_258aa.dir/CheckSymbolExists.c.o  -o cmTC_258aa 
CMakeFiles/cmTC_258aa.dir/CheckSymbolExists.c.o: In function `main':
CheckSymbolExists.c:(.text+0x1b): undefined reference to `pthread_create'
collect2: error: ld returned 1 exit status
CMakeFiles/cmTC_258aa.dir/build.make:97: recipe for target 'cmTC_258aa' failed
make[1]: *** [cmTC_258aa] Error 1
make[1]: Leaving directory '/home/river/interbotix_ws/build/interbotix_xsarm_pid/CMakeFiles/CMakeTmp'
Makefile:126: recipe for target 'cmTC_258aa/fast' failed
make: *** [cmTC_258aa/fast] Error 2

File /home/river/interbotix_ws/build/interbotix_xsarm_pid/CMakeFiles/CMakeTmp/CheckSymbolExists.c:
/* */
#include <pthread.h>

int main(int argc, char** argv)
{
  (void)argv;
#ifndef pthread_create
  return ((int*)(&pthread_create))[argc];
#else
  (void)argc;
  return 0;
#endif
}

Determining if the function pthread_create exists in the pthreads failed with the following output:
Change Dir: /home/river/interbotix_ws/build/interbotix_xsarm_pid/CMakeFiles/CMakeTmp

Run Build Command:"/usr/bin/make" "cmTC_6a721/fast"
/usr/bin/make -f CMakeFiles/cmTC_6a721.dir/build.make CMakeFiles/cmTC_6a721.dir/build
make[1]: Entering directory '/home/river/interbotix_ws/build/interbotix_xsarm_pid/CMakeFiles/CMakeTmp'
Building C object CMakeFiles/cmTC_6a721.dir/CheckFunctionExists.c.o
/usr/bin/cc   -DCHECK_FUNCTION_EXISTS=pthread_create   -o CMakeFiles/cmTC_6a721.dir/CheckFunctionExists.c.o   -c /usr/share/cmake-3.10/Modules/CheckFunctionExists.c
Linking C executable cmTC_6a721
/usr/bin/cmake -E cmake_link_script CMakeFiles/cmTC_6a721.dir/link.txt --verbose=1
/usr/bin/cc  -DCHECK_FUNCTION_EXISTS=pthread_create    -rdynamic CMakeFiles/cmTC_6a721.dir/CheckFunctionExists.c.o  -o cmTC_6a721 -lpthreads 
/usr/bin/ld: cannot find -lpthreads
collect2: error: ld returned 1 exit status
CMakeFiles/cmTC_6a721.dir/build.make:97: recipe for target 'cmTC_6a721' failed
make[1]: *** [cmTC_6a721] Error 1
make[1]: Leaving directory '/home/river/interbotix_ws/build/interbotix_xsarm_pid/CMakeFiles/CMakeTmp'
Makefile:126: recipe for target 'cmTC_6a721/fast' failed
make: *** [cmTC_6a721/fast] Error 2


