Linked: (/home/river/interbotix_ws/devel/.private/interbotix_moveit_interface/include/interbotix_moveit_interface/MoveItPlanRequest.h, /home/river/interbotix_ws/devel/include/interbotix_moveit_interface/MoveItPlanRequest.h)
Linked: (/home/river/interbotix_ws/devel/.private/interbotix_moveit_interface/include/interbotix_moveit_interface/MoveItPlanResponse.h, /home/river/interbotix_ws/devel/include/interbotix_moveit_interface/MoveItPlanResponse.h)
Linked: (/home/river/interbotix_ws/devel/.private/interbotix_moveit_interface/include/interbotix_moveit_interface/MoveItPlan.h, /home/river/interbotix_ws/devel/include/interbotix_moveit_interface/MoveItPlan.h)
Linked: (/home/river/interbotix_ws/devel/.private/interbotix_moveit_interface/share/interbotix_moveit_interface/cmake/interbotix_moveit_interface-msg-paths.cmake, /home/river/interbotix_ws/devel/share/interbotix_moveit_interface/cmake/interbotix_moveit_interface-msg-paths.cmake)
Linked: (/home/river/interbotix_ws/devel/.private/interbotix_moveit_interface/share/interbotix_moveit_interface/cmake/interbotix_moveit_interfaceConfig.cmake, /home/river/interbotix_ws/devel/share/interbotix_moveit_interface/cmake/interbotix_moveit_interfaceConfig.cmake)
Linked: (/home/river/interbotix_ws/devel/.private/interbotix_moveit_interface/share/interbotix_moveit_interface/cmake/interbotix_moveit_interface-msg-extras.cmake, /home/river/interbotix_ws/devel/share/interbotix_moveit_interface/cmake/interbotix_moveit_interface-msg-extras.cmake)
Linked: (/home/river/interbotix_ws/devel/.private/interbotix_moveit_interface/share/interbotix_moveit_interface/cmake/interbotix_moveit_interfaceConfig-version.cmake, /home/river/interbotix_ws/devel/share/interbotix_moveit_interface/cmake/interbotix_moveit_interfaceConfig-version.cmake)
Linked: (/home/river/interbotix_ws/devel/.private/interbotix_moveit_interface/share/common-lisp/ros/interbotix_moveit_interface/srv/interbotix_moveit_interface-srv.asd, /home/river/interbotix_ws/devel/share/common-lisp/ros/interbotix_moveit_interface/srv/interbotix_moveit_interface-srv.asd)
Linked: (/home/river/interbotix_ws/devel/.private/interbotix_moveit_interface/share/common-lisp/ros/interbotix_moveit_interface/srv/_package.lisp, /home/river/interbotix_ws/devel/share/common-lisp/ros/interbotix_moveit_interface/srv/_package.lisp)
Linked: (/home/river/interbotix_ws/devel/.private/interbotix_moveit_interface/share/common-lisp/ros/interbotix_moveit_interface/srv/_package_MoveItPlan.lisp, /home/river/interbotix_ws/devel/share/common-lisp/ros/interbotix_moveit_interface/srv/_package_MoveItPlan.lisp)
Linked: (/home/river/interbotix_ws/devel/.private/interbotix_moveit_interface/share/common-lisp/ros/interbotix_moveit_interface/srv/MoveItPlan.lisp, /home/river/interbotix_ws/devel/share/common-lisp/ros/interbotix_moveit_interface/srv/MoveItPlan.lisp)
Linked: (/home/river/interbotix_ws/devel/.private/interbotix_moveit_interface/share/gennodejs/ros/interbotix_moveit_interface/_index.js, /home/river/interbotix_ws/devel/share/gennodejs/ros/interbotix_moveit_interface/_index.js)
Linked: (/home/river/interbotix_ws/devel/.private/interbotix_moveit_interface/share/gennodejs/ros/interbotix_moveit_interface/srv/MoveItPlan.js, /home/river/interbotix_ws/devel/share/gennodejs/ros/interbotix_moveit_interface/srv/MoveItPlan.js)
Linked: (/home/river/interbotix_ws/devel/.private/interbotix_moveit_interface/share/gennodejs/ros/interbotix_moveit_interface/srv/_index.js, /home/river/interbotix_ws/devel/share/gennodejs/ros/interbotix_moveit_interface/srv/_index.js)
Linked: (/home/river/interbotix_ws/devel/.private/interbotix_moveit_interface/share/roseus/ros/interbotix_moveit_interface/manifest.l, /home/river/interbotix_ws/devel/share/roseus/ros/interbotix_moveit_interface/manifest.l)
Linked: (/home/river/interbotix_ws/devel/.private/interbotix_moveit_interface/share/roseus/ros/interbotix_moveit_interface/srv/MoveItPlan.l, /home/river/interbotix_ws/devel/share/roseus/ros/interbotix_moveit_interface/srv/MoveItPlan.l)
Linked: (/home/river/interbotix_ws/devel/.private/interbotix_moveit_interface/lib/interbotix_moveit_interface/moveit_interface, /home/river/interbotix_ws/devel/lib/interbotix_moveit_interface/moveit_interface)
Linked: (/home/river/interbotix_ws/devel/.private/interbotix_moveit_interface/lib/pkgconfig/interbotix_moveit_interface.pc, /home/river/interbotix_ws/devel/lib/pkgconfig/interbotix_moveit_interface.pc)
Linked: (/home/river/interbotix_ws/devel/.private/interbotix_moveit_interface/lib/python2.7/dist-packages/interbotix_moveit_interface/__init__.py, /home/river/interbotix_ws/devel/lib/python2.7/dist-packages/interbotix_moveit_interface/__init__.py)
Linked: (/home/river/interbotix_ws/devel/.private/interbotix_moveit_interface/lib/python2.7/dist-packages/interbotix_moveit_interface/srv/_MoveItPlan.py, /home/river/interbotix_ws/devel/lib/python2.7/dist-packages/interbotix_moveit_interface/srv/_MoveItPlan.py)
Linked: (/home/river/interbotix_ws/devel/.private/interbotix_moveit_interface/lib/python2.7/dist-packages/interbotix_moveit_interface/srv/__init__.py, /home/river/interbotix_ws/devel/lib/python2.7/dist-packages/interbotix_moveit_interface/srv/__init__.py)
