Determining if the pthread_create exist failed with the following output:
Change Dir: /home/river/interbotix_ws/build/interbotix_xs_ros_control/CMakeFiles/CMakeTmp

Run Build Command:"/usr/bin/make" "cmTC_9900b/fast"
/usr/bin/make -f CMakeFiles/cmTC_9900b.dir/build.make CMakeFiles/cmTC_9900b.dir/build
make[1]: Entering directory '/home/river/interbotix_ws/build/interbotix_xs_ros_control/CMakeFiles/CMakeTmp'
Building C object CMakeFiles/cmTC_9900b.dir/CheckSymbolExists.c.o
/usr/bin/cc    -o CMakeFiles/cmTC_9900b.dir/CheckSymbolExists.c.o   -c /home/river/interbotix_ws/build/interbotix_xs_ros_control/CMakeFiles/CMakeTmp/CheckSymbolExists.c
Linking C executable cmTC_9900b
/usr/bin/cmake -E cmake_link_script CMakeFiles/cmTC_9900b.dir/link.txt --verbose=1
/usr/bin/cc      -rdynamic CMakeFiles/cmTC_9900b.dir/CheckSymbolExists.c.o  -o cmTC_9900b 
CMakeFiles/cmTC_9900b.dir/CheckSymbolExists.c.o: In function `main':
CheckSymbolExists.c:(.text+0x1b): undefined reference to `pthread_create'
collect2: error: ld returned 1 exit status
CMakeFiles/cmTC_9900b.dir/build.make:97: recipe for target 'cmTC_9900b' failed
make[1]: *** [cmTC_9900b] Error 1
make[1]: Leaving directory '/home/river/interbotix_ws/build/interbotix_xs_ros_control/CMakeFiles/CMakeTmp'
Makefile:126: recipe for target 'cmTC_9900b/fast' failed
make: *** [cmTC_9900b/fast] Error 2

File /home/river/interbotix_ws/build/interbotix_xs_ros_control/CMakeFiles/CMakeTmp/CheckSymbolExists.c:
/* */
#include <pthread.h>

int main(int argc, char** argv)
{
  (void)argv;
#ifndef pthread_create
  return ((int*)(&pthread_create))[argc];
#else
  (void)argc;
  return 0;
#endif
}

Determining if the function pthread_create exists in the pthreads failed with the following output:
Change Dir: /home/river/interbotix_ws/build/interbotix_xs_ros_control/CMakeFiles/CMakeTmp

Run Build Command:"/usr/bin/make" "cmTC_7c3ab/fast"
/usr/bin/make -f CMakeFiles/cmTC_7c3ab.dir/build.make CMakeFiles/cmTC_7c3ab.dir/build
make[1]: Entering directory '/home/river/interbotix_ws/build/interbotix_xs_ros_control/CMakeFiles/CMakeTmp'
Building C object CMakeFiles/cmTC_7c3ab.dir/CheckFunctionExists.c.o
/usr/bin/cc   -DCHECK_FUNCTION_EXISTS=pthread_create   -o CMakeFiles/cmTC_7c3ab.dir/CheckFunctionExists.c.o   -c /usr/share/cmake-3.10/Modules/CheckFunctionExists.c
Linking C executable cmTC_7c3ab
/usr/bin/cmake -E cmake_link_script CMakeFiles/cmTC_7c3ab.dir/link.txt --verbose=1
/usr/bin/cc  -DCHECK_FUNCTION_EXISTS=pthread_create    -rdynamic CMakeFiles/cmTC_7c3ab.dir/CheckFunctionExists.c.o  -o cmTC_7c3ab -lpthreads 
/usr/bin/ld: cannot find -lpthreads
collect2: error: ld returned 1 exit status
CMakeFiles/cmTC_7c3ab.dir/build.make:97: recipe for target 'cmTC_7c3ab' failed
make[1]: *** [cmTC_7c3ab] Error 1
make[1]: Leaving directory '/home/river/interbotix_ws/build/interbotix_xs_ros_control/CMakeFiles/CMakeTmp'
Makefile:126: recipe for target 'cmTC_7c3ab/fast' failed
make: *** [cmTC_7c3ab/fast] Error 2


