Determining if the pthread_create exist failed with the following output:
Change Dir: /home/river/interbotix_ws/build/interbotix_xsarm_control/CMakeFiles/CMakeTmp

Run Build Command:"/usr/bin/make" "cmTC_7d738/fast"
/usr/bin/make -f CMakeFiles/cmTC_7d738.dir/build.make CMakeFiles/cmTC_7d738.dir/build
make[1]: Entering directory '/home/river/interbotix_ws/build/interbotix_xsarm_control/CMakeFiles/CMakeTmp'
Building C object CMakeFiles/cmTC_7d738.dir/CheckSymbolExists.c.o
/usr/bin/cc    -o CMakeFiles/cmTC_7d738.dir/CheckSymbolExists.c.o   -c /home/river/interbotix_ws/build/interbotix_xsarm_control/CMakeFiles/CMakeTmp/CheckSymbolExists.c
Linking C executable cmTC_7d738
/usr/bin/cmake -E cmake_link_script CMakeFiles/cmTC_7d738.dir/link.txt --verbose=1
/usr/bin/cc      -rdynamic CMakeFiles/cmTC_7d738.dir/CheckSymbolExists.c.o  -o cmTC_7d738 
CMakeFiles/cmTC_7d738.dir/CheckSymbolExists.c.o: In function `main':
CheckSymbolExists.c:(.text+0x1b): undefined reference to `pthread_create'
collect2: error: ld returned 1 exit status
CMakeFiles/cmTC_7d738.dir/build.make:97: recipe for target 'cmTC_7d738' failed
make[1]: *** [cmTC_7d738] Error 1
make[1]: Leaving directory '/home/river/interbotix_ws/build/interbotix_xsarm_control/CMakeFiles/CMakeTmp'
Makefile:126: recipe for target 'cmTC_7d738/fast' failed
make: *** [cmTC_7d738/fast] Error 2

File /home/river/interbotix_ws/build/interbotix_xsarm_control/CMakeFiles/CMakeTmp/CheckSymbolExists.c:
/* */
#include <pthread.h>

int main(int argc, char** argv)
{
  (void)argv;
#ifndef pthread_create
  return ((int*)(&pthread_create))[argc];
#else
  (void)argc;
  return 0;
#endif
}

Determining if the function pthread_create exists in the pthreads failed with the following output:
Change Dir: /home/river/interbotix_ws/build/interbotix_xsarm_control/CMakeFiles/CMakeTmp

Run Build Command:"/usr/bin/make" "cmTC_bceea/fast"
/usr/bin/make -f CMakeFiles/cmTC_bceea.dir/build.make CMakeFiles/cmTC_bceea.dir/build
make[1]: Entering directory '/home/river/interbotix_ws/build/interbotix_xsarm_control/CMakeFiles/CMakeTmp'
Building C object CMakeFiles/cmTC_bceea.dir/CheckFunctionExists.c.o
/usr/bin/cc   -DCHECK_FUNCTION_EXISTS=pthread_create   -o CMakeFiles/cmTC_bceea.dir/CheckFunctionExists.c.o   -c /usr/share/cmake-3.10/Modules/CheckFunctionExists.c
Linking C executable cmTC_bceea
/usr/bin/cmake -E cmake_link_script CMakeFiles/cmTC_bceea.dir/link.txt --verbose=1
/usr/bin/cc  -DCHECK_FUNCTION_EXISTS=pthread_create    -rdynamic CMakeFiles/cmTC_bceea.dir/CheckFunctionExists.c.o  -o cmTC_bceea -lpthreads 
/usr/bin/ld: cannot find -lpthreads
collect2: error: ld returned 1 exit status
CMakeFiles/cmTC_bceea.dir/build.make:97: recipe for target 'cmTC_bceea' failed
make[1]: *** [cmTC_bceea] Error 1
make[1]: Leaving directory '/home/river/interbotix_ws/build/interbotix_xsarm_control/CMakeFiles/CMakeTmp'
Makefile:126: recipe for target 'cmTC_bceea/fast' failed
make: *** [cmTC_bceea/fast] Error 2


