Determining if the pthread_create exist failed with the following output:
Change Dir: /home/river/interbotix_ws/build/interbotix_xsarm_ros_control/CMakeFiles/CMakeTmp

Run Build Command:"/usr/bin/make" "cmTC_85eb7/fast"
/usr/bin/make -f CMakeFiles/cmTC_85eb7.dir/build.make CMakeFiles/cmTC_85eb7.dir/build
make[1]: Entering directory '/home/river/interbotix_ws/build/interbotix_xsarm_ros_control/CMakeFiles/CMakeTmp'
Building C object CMakeFiles/cmTC_85eb7.dir/CheckSymbolExists.c.o
/usr/bin/cc    -o CMakeFiles/cmTC_85eb7.dir/CheckSymbolExists.c.o   -c /home/river/interbotix_ws/build/interbotix_xsarm_ros_control/CMakeFiles/CMakeTmp/CheckSymbolExists.c
Linking C executable cmTC_85eb7
/usr/bin/cmake -E cmake_link_script CMakeFiles/cmTC_85eb7.dir/link.txt --verbose=1
/usr/bin/cc      -rdynamic CMakeFiles/cmTC_85eb7.dir/CheckSymbolExists.c.o  -o cmTC_85eb7 
CMakeFiles/cmTC_85eb7.dir/CheckSymbolExists.c.o: In function `main':
CheckSymbolExists.c:(.text+0x1b): undefined reference to `pthread_create'
collect2: error: ld returned 1 exit status
CMakeFiles/cmTC_85eb7.dir/build.make:97: recipe for target 'cmTC_85eb7' failed
make[1]: *** [cmTC_85eb7] Error 1
make[1]: Leaving directory '/home/river/interbotix_ws/build/interbotix_xsarm_ros_control/CMakeFiles/CMakeTmp'
Makefile:126: recipe for target 'cmTC_85eb7/fast' failed
make: *** [cmTC_85eb7/fast] Error 2

File /home/river/interbotix_ws/build/interbotix_xsarm_ros_control/CMakeFiles/CMakeTmp/CheckSymbolExists.c:
/* */
#include <pthread.h>

int main(int argc, char** argv)
{
  (void)argv;
#ifndef pthread_create
  return ((int*)(&pthread_create))[argc];
#else
  (void)argc;
  return 0;
#endif
}

Determining if the function pthread_create exists in the pthreads failed with the following output:
Change Dir: /home/river/interbotix_ws/build/interbotix_xsarm_ros_control/CMakeFiles/CMakeTmp

Run Build Command:"/usr/bin/make" "cmTC_039ac/fast"
/usr/bin/make -f CMakeFiles/cmTC_039ac.dir/build.make CMakeFiles/cmTC_039ac.dir/build
make[1]: Entering directory '/home/river/interbotix_ws/build/interbotix_xsarm_ros_control/CMakeFiles/CMakeTmp'
Building C object CMakeFiles/cmTC_039ac.dir/CheckFunctionExists.c.o
/usr/bin/cc   -DCHECK_FUNCTION_EXISTS=pthread_create   -o CMakeFiles/cmTC_039ac.dir/CheckFunctionExists.c.o   -c /usr/share/cmake-3.10/Modules/CheckFunctionExists.c
Linking C executable cmTC_039ac
/usr/bin/cmake -E cmake_link_script CMakeFiles/cmTC_039ac.dir/link.txt --verbose=1
/usr/bin/cc  -DCHECK_FUNCTION_EXISTS=pthread_create    -rdynamic CMakeFiles/cmTC_039ac.dir/CheckFunctionExists.c.o  -o cmTC_039ac -lpthreads 
/usr/bin/ld: cannot find -lpthreads
collect2: error: ld returned 1 exit status
CMakeFiles/cmTC_039ac.dir/build.make:97: recipe for target 'cmTC_039ac' failed
make[1]: *** [cmTC_039ac] Error 1
make[1]: Leaving directory '/home/river/interbotix_ws/build/interbotix_xsarm_ros_control/CMakeFiles/CMakeTmp'
Makefile:126: recipe for target 'cmTC_039ac/fast' failed
make: *** [cmTC_039ac/fast] Error 2


